[3.335s] Invoking command in '/home/ubuntu/ros2_ws/src/brobot_tf': PYTHONPATH=/home/ubuntu/ros2_ws/build/brobot_tf/prefix_override:/usr/lib/python3/dist-packages/colcon_core/task/python/colcon_distutils_commands:/home/ubuntu/ros2_ws/install/brobot_tf/lib/python3.10/site-packages:${PYTHONPATH} /usr/bin/python3 -W ignore:setup.py install is deprecated -W ignore:easy_install command is deprecated setup.py egg_info --egg-base ../../build/brobot_tf build --build-base /home/ubuntu/ros2_ws/build/brobot_tf/build install --record /home/ubuntu/ros2_ws/build/brobot_tf/install.log --single-version-externally-managed install_data
[3.848s] running egg_info
[3.850s] writing ../../build/brobot_tf/brobot_tf.egg-info/PKG-INFO
[3.853s] writing dependency_links to ../../build/brobot_tf/brobot_tf.egg-info/dependency_links.txt
[3.856s] writing entry points to ../../build/brobot_tf/brobot_tf.egg-info/entry_points.txt
[3.859s] writing requirements to ../../build/brobot_tf/brobot_tf.egg-info/requires.txt
[3.861s] writing top-level names to ../../build/brobot_tf/brobot_tf.egg-info/top_level.txt
[3.870s] reading manifest file '../../build/brobot_tf/brobot_tf.egg-info/SOURCES.txt'
[3.870s] writing manifest file '../../build/brobot_tf/brobot_tf.egg-info/SOURCES.txt'
[3.875s] running build
[3.876s] running build_py
[3.878s] running install
[3.878s] running install_lib
[3.879s] running install_data
[3.879s] running install_egg_info
[3.882s] removing '/home/ubuntu/ros2_ws/install/brobot_tf/lib/python3.10/site-packages/brobot_tf-0.0.0-py3.10.egg-info' (and everything under it)
[3.882s] Copying ../../build/brobot_tf/brobot_tf.egg-info to /home/ubuntu/ros2_ws/install/brobot_tf/lib/python3.10/site-packages/brobot_tf-0.0.0-py3.10.egg-info
[3.897s] running install_scripts
[3.931s] Installing tf script to /home/ubuntu/ros2_ws/install/brobot_tf/lib/brobot_tf
[3.931s] writing list of installed files to '/home/ubuntu/ros2_ws/build/brobot_tf/install.log'
[4.032s] Invoked command in '/home/ubuntu/ros2_ws/src/brobot_tf' returned '0': PYTHONPATH=/home/ubuntu/ros2_ws/build/brobot_tf/prefix_override:/usr/lib/python3/dist-packages/colcon_core/task/python/colcon_distutils_commands:/home/ubuntu/ros2_ws/install/brobot_tf/lib/python3.10/site-packages:${PYTHONPATH} /usr/bin/python3 -W ignore:setup.py install is deprecated -W ignore:easy_install command is deprecated setup.py egg_info --egg-base ../../build/brobot_tf build --build-base /home/ubuntu/ros2_ws/build/brobot_tf/build install --record /home/ubuntu/ros2_ws/build/brobot_tf/install.log --single-version-externally-managed install_data
