[3.390s] Invoking command in '/home/ubuntu/ros2_ws/src/brobot_navigation': PYTHONPATH=/home/ubuntu/ros2_ws/build/brobot_navigation/prefix_override:/usr/lib/python3/dist-packages/colcon_core/task/python/colcon_distutils_commands:/home/ubuntu/ros2_ws/install/brobot_navigation/lib/python3.10/site-packages:${PYTHONPATH} /usr/bin/python3 -W ignore:setup.py install is deprecated -W ignore:easy_install command is deprecated setup.py egg_info --egg-base ../../build/brobot_navigation build --build-base /home/ubuntu/ros2_ws/build/brobot_navigation/build install --record /home/ubuntu/ros2_ws/build/brobot_navigation/install.log --single-version-externally-managed install_data
[3.940s] running egg_info
[3.940s] writing ../../build/brobot_navigation/brobot_navigation.egg-info/PKG-INFO
[3.940s] writing dependency_links to ../../build/brobot_navigation/brobot_navigation.egg-info/dependency_links.txt
[3.940s] writing entry points to ../../build/brobot_navigation/brobot_navigation.egg-info/entry_points.txt
[3.940s] writing requirements to ../../build/brobot_navigation/brobot_navigation.egg-info/requires.txt
[3.940s] writing top-level names to ../../build/brobot_navigation/brobot_navigation.egg-info/top_level.txt
[3.942s] reading manifest file '../../build/brobot_navigation/brobot_navigation.egg-info/SOURCES.txt'
[3.945s] writing manifest file '../../build/brobot_navigation/brobot_navigation.egg-info/SOURCES.txt'
[3.951s] running build
[3.954s] running install
[3.955s] running install_data
[3.955s] copying config/bt_navigator.yaml -> /home/ubuntu/ros2_ws/install/brobot_navigation/share/brobot_navigation/config
[3.957s] copying config/navigate_through_poses_w_replanning_and_recovery.xml -> /home/ubuntu/ros2_ws/install/brobot_navigation/share/brobot_navigation/config
[3.966s] copying config/navigate_to_pose_w_replanning_and_recovery.xml -> /home/ubuntu/ros2_ws/install/brobot_navigation/share/brobot_navigation/config
[3.966s] running install_egg_info
[3.966s] removing '/home/ubuntu/ros2_ws/install/brobot_navigation/lib/python3.10/site-packages/brobot_navigation-0.0.0-py3.10.egg-info' (and everything under it)
[3.966s] Copying ../../build/brobot_navigation/brobot_navigation.egg-info to /home/ubuntu/ros2_ws/install/brobot_navigation/lib/python3.10/site-packages/brobot_navigation-0.0.0-py3.10.egg-info
[3.966s] running install_scripts
[4.001s] writing list of installed files to '/home/ubuntu/ros2_ws/build/brobot_navigation/install.log'
[4.064s] Invoked command in '/home/ubuntu/ros2_ws/src/brobot_navigation' returned '0': PYTHONPATH=/home/ubuntu/ros2_ws/build/brobot_navigation/prefix_override:/usr/lib/python3/dist-packages/colcon_core/task/python/colcon_distutils_commands:/home/ubuntu/ros2_ws/install/brobot_navigation/lib/python3.10/site-packages:${PYTHONPATH} /usr/bin/python3 -W ignore:setup.py install is deprecated -W ignore:easy_install command is deprecated setup.py egg_info --egg-base ../../build/brobot_navigation build --build-base /home/ubuntu/ros2_ws/build/brobot_navigation/build install --record /home/ubuntu/ros2_ws/build/brobot_navigation/install.log --single-version-externally-managed install_data
