[2.094s] Invoking command in '/home/ubuntu/ros2_ws/src/brobot_slam': PYTHONPATH=/home/ubuntu/ros2_ws/build/brobot_slam/prefix_override:/usr/lib/python3/dist-packages/colcon_core/task/python/colcon_distutils_commands:/home/ubuntu/ros2_ws/install/brobot_slam/lib/python3.10/site-packages:${PYTHONPATH} /usr/bin/python3 -W ignore:setup.py install is deprecated -W ignore:easy_install command is deprecated setup.py egg_info --egg-base ../../build/brobot_slam build --build-base /home/ubuntu/ros2_ws/build/brobot_slam/build install --record /home/ubuntu/ros2_ws/build/brobot_slam/install.log --single-version-externally-managed install_data
[2.534s] running egg_info
[2.535s] writing ../../build/brobot_slam/brobot_slam.egg-info/PKG-INFO
[2.535s] writing dependency_links to ../../build/brobot_slam/brobot_slam.egg-info/dependency_links.txt
[2.536s] writing entry points to ../../build/brobot_slam/brobot_slam.egg-info/entry_points.txt
[2.536s] writing requirements to ../../build/brobot_slam/brobot_slam.egg-info/requires.txt
[2.536s] writing top-level names to ../../build/brobot_slam/brobot_slam.egg-info/top_level.txt
[2.539s] reading manifest file '../../build/brobot_slam/brobot_slam.egg-info/SOURCES.txt'
[2.541s] writing manifest file '../../build/brobot_slam/brobot_slam.egg-info/SOURCES.txt'
[2.541s] running build
[2.541s] running build_py
[2.541s] running install
[2.542s] running install_lib
[2.548s] running install_data
[2.548s] running install_egg_info
[2.551s] removing '/home/ubuntu/ros2_ws/install/brobot_slam/lib/python3.10/site-packages/brobot_slam-0.0.1-py3.10.egg-info' (and everything under it)
[2.551s] Copying ../../build/brobot_slam/brobot_slam.egg-info to /home/ubuntu/ros2_ws/install/brobot_slam/lib/python3.10/site-packages/brobot_slam-0.0.1-py3.10.egg-info
[2.552s] running install_scripts
[2.588s] writing list of installed files to '/home/ubuntu/ros2_ws/build/brobot_slam/install.log'
[2.650s] Invoked command in '/home/ubuntu/ros2_ws/src/brobot_slam' returned '0': PYTHONPATH=/home/ubuntu/ros2_ws/build/brobot_slam/prefix_override:/usr/lib/python3/dist-packages/colcon_core/task/python/colcon_distutils_commands:/home/ubuntu/ros2_ws/install/brobot_slam/lib/python3.10/site-packages:${PYTHONPATH} /usr/bin/python3 -W ignore:setup.py install is deprecated -W ignore:easy_install command is deprecated setup.py egg_info --egg-base ../../build/brobot_slam build --build-base /home/ubuntu/ros2_ws/build/brobot_slam/build install --record /home/ubuntu/ros2_ws/build/brobot_slam/install.log --single-version-externally-managed install_data
