running egg_info
writing ../../build/brobot_tf/brobot_tf.egg-info/PKG-INFO
writing dependency_links to ../../build/brobot_tf/brobot_tf.egg-info/dependency_links.txt
writing entry points to ../../build/brobot_tf/brobot_tf.egg-info/entry_points.txt
writing requirements to ../../build/brobot_tf/brobot_tf.egg-info/requires.txt
writing top-level names to ../../build/brobot_tf/brobot_tf.egg-info/top_level.txt
reading manifest file '../../build/brobot_tf/brobot_tf.egg-info/SOURCES.txt'
writing manifest file '../../build/brobot_tf/brobot_tf.egg-info/SOURCES.txt'
running build
running build_py
copying brobot_tf/tf.py -> /home/ubuntu/ros2_ws/build/brobot_tf/build/lib/brobot_tf
running install
running install_lib
copying /home/ubuntu/ros2_ws/build/brobot_tf/build/lib/brobot_tf/tf.py -> /home/ubuntu/ros2_ws/install/brobot_tf/lib/python3.10/site-packages/brobot_tf
byte-compiling /home/ubuntu/ros2_ws/install/brobot_tf/lib/python3.10/site-packages/brobot_tf/tf.py to tf.cpython-310.pyc
running install_data
running install_egg_info
removing '/home/ubuntu/ros2_ws/install/brobot_tf/lib/python3.10/site-packages/brobot_tf-0.0.0-py3.10.egg-info' (and everything under it)
Copying ../../build/brobot_tf/brobot_tf.egg-info to /home/ubuntu/ros2_ws/install/brobot_tf/lib/python3.10/site-packages/brobot_tf-0.0.0-py3.10.egg-info
running install_scripts
Installing tf script to /home/ubuntu/ros2_ws/install/brobot_tf/lib/brobot_tf
writing list of installed files to '/home/ubuntu/ros2_ws/build/brobot_tf/install.log'
