[3.782s] Invoking command in '/home/ubuntu/ros2_ws/src/brobot_odom': PYTHONPATH=/home/ubuntu/ros2_ws/build/brobot_odom/prefix_override:/usr/lib/python3/dist-packages/colcon_core/task/python/colcon_distutils_commands:/home/ubuntu/ros2_ws/install/brobot_odom/lib/python3.10/site-packages:${PYTHONPATH} /usr/bin/python3 -W ignore:setup.py install is deprecated -W ignore:easy_install command is deprecated setup.py egg_info --egg-base ../../build/brobot_odom build --build-base /home/ubuntu/ros2_ws/build/brobot_odom/build install --record /home/ubuntu/ros2_ws/build/brobot_odom/install.log --single-version-externally-managed install_data
[4.371s] running egg_info
[4.373s] writing ../../build/brobot_odom/brobot_odom.egg-info/PKG-INFO
[4.374s] writing dependency_links to ../../build/brobot_odom/brobot_odom.egg-info/dependency_links.txt
[4.374s] writing entry points to ../../build/brobot_odom/brobot_odom.egg-info/entry_points.txt
[4.377s] writing requirements to ../../build/brobot_odom/brobot_odom.egg-info/requires.txt
[4.378s] writing top-level names to ../../build/brobot_odom/brobot_odom.egg-info/top_level.txt
[4.378s] reading manifest file '../../build/brobot_odom/brobot_odom.egg-info/SOURCES.txt'
[4.379s] writing manifest file '../../build/brobot_odom/brobot_odom.egg-info/SOURCES.txt'
[4.379s] running build
[4.379s] running build_py
[4.379s] running install
[4.381s] running install_lib
[4.401s] running install_data
[4.403s] running install_egg_info
[4.409s] removing '/home/ubuntu/ros2_ws/install/brobot_odom/lib/python3.10/site-packages/brobot_odom-0.0.1-py3.10.egg-info' (and everything under it)
[4.422s] Copying ../../build/brobot_odom/brobot_odom.egg-info to /home/ubuntu/ros2_ws/install/brobot_odom/lib/python3.10/site-packages/brobot_odom-0.0.1-py3.10.egg-info
[4.422s] running install_scripts
[4.474s] Installing odom script to /home/ubuntu/ros2_ws/install/brobot_odom/lib/brobot_odom
[4.474s] writing list of installed files to '/home/ubuntu/ros2_ws/build/brobot_odom/install.log'
[4.538s] Invoked command in '/home/ubuntu/ros2_ws/src/brobot_odom' returned '0': PYTHONPATH=/home/ubuntu/ros2_ws/build/brobot_odom/prefix_override:/usr/lib/python3/dist-packages/colcon_core/task/python/colcon_distutils_commands:/home/ubuntu/ros2_ws/install/brobot_odom/lib/python3.10/site-packages:${PYTHONPATH} /usr/bin/python3 -W ignore:setup.py install is deprecated -W ignore:easy_install command is deprecated setup.py egg_info --egg-base ../../build/brobot_odom build --build-base /home/ubuntu/ros2_ws/build/brobot_odom/build install --record /home/ubuntu/ros2_ws/build/brobot_odom/install.log --single-version-externally-managed install_data
