[3.008s] Invoking command in '/home/ubuntu/ros2_ws/src/brobot_tf': PYTHONPATH=/home/ubuntu/ros2_ws/build/brobot_tf/prefix_override:/usr/lib/python3/dist-packages/colcon_core/task/python/colcon_distutils_commands:/home/ubuntu/ros2_ws/install/brobot_tf/lib/python3.10/site-packages:${PYTHONPATH} /usr/bin/python3 -W ignore:setup.py install is deprecated -W ignore:easy_install command is deprecated setup.py egg_info --egg-base ../../build/brobot_tf build --build-base /home/ubuntu/ros2_ws/build/brobot_tf/build install --record /home/ubuntu/ros2_ws/build/brobot_tf/install.log --single-version-externally-managed install_data
[3.525s] running egg_info
[3.529s] writing ../../build/brobot_tf/brobot_tf.egg-info/PKG-INFO
[3.529s] writing dependency_links to ../../build/brobot_tf/brobot_tf.egg-info/dependency_links.txt
[3.530s] writing entry points to ../../build/brobot_tf/brobot_tf.egg-info/entry_points.txt
[3.530s] writing requirements to ../../build/brobot_tf/brobot_tf.egg-info/requires.txt
[3.530s] writing top-level names to ../../build/brobot_tf/brobot_tf.egg-info/top_level.txt
[3.531s] reading manifest file '../../build/brobot_tf/brobot_tf.egg-info/SOURCES.txt'
[3.531s] writing manifest file '../../build/brobot_tf/brobot_tf.egg-info/SOURCES.txt'
[3.532s] running build
[3.532s] running build_py
[3.532s] running install
[3.532s] running install_lib
[3.536s] running install_data
[3.537s] running install_egg_info
[3.540s] removing '/home/ubuntu/ros2_ws/install/brobot_tf/lib/python3.10/site-packages/brobot_tf-0.0.0-py3.10.egg-info' (and everything under it)
[3.542s] Copying ../../build/brobot_tf/brobot_tf.egg-info to /home/ubuntu/ros2_ws/install/brobot_tf/lib/python3.10/site-packages/brobot_tf-0.0.0-py3.10.egg-info
[3.551s] running install_scripts
[3.607s] Installing tf script to /home/ubuntu/ros2_ws/install/brobot_tf/lib/brobot_tf
[3.607s] writing list of installed files to '/home/ubuntu/ros2_ws/build/brobot_tf/install.log'
[3.677s] Invoked command in '/home/ubuntu/ros2_ws/src/brobot_tf' returned '0': PYTHONPATH=/home/ubuntu/ros2_ws/build/brobot_tf/prefix_override:/usr/lib/python3/dist-packages/colcon_core/task/python/colcon_distutils_commands:/home/ubuntu/ros2_ws/install/brobot_tf/lib/python3.10/site-packages:${PYTHONPATH} /usr/bin/python3 -W ignore:setup.py install is deprecated -W ignore:easy_install command is deprecated setup.py egg_info --egg-base ../../build/brobot_tf build --build-base /home/ubuntu/ros2_ws/build/brobot_tf/build install --record /home/ubuntu/ros2_ws/build/brobot_tf/install.log --single-version-externally-managed install_data
