[3.645s] Invoking command in '/home/ubuntu/ros2_ws/src/brobot_tf': PYTHONPATH=/home/ubuntu/ros2_ws/build/brobot_tf/prefix_override:/usr/lib/python3/dist-packages/colcon_core/task/python/colcon_distutils_commands:/home/ubuntu/ros2_ws/install/brobot_tf/lib/python3.10/site-packages:${PYTHONPATH} /usr/bin/python3 -W ignore:setup.py install is deprecated -W ignore:easy_install command is deprecated setup.py egg_info --egg-base ../../build/brobot_tf build --build-base /home/ubuntu/ros2_ws/build/brobot_tf/build install --record /home/ubuntu/ros2_ws/build/brobot_tf/install.log --single-version-externally-managed install_data
[4.288s] running egg_info
[4.288s] writing ../../build/brobot_tf/brobot_tf.egg-info/PKG-INFO
[4.289s] writing dependency_links to ../../build/brobot_tf/brobot_tf.egg-info/dependency_links.txt
[4.289s] writing entry points to ../../build/brobot_tf/brobot_tf.egg-info/entry_points.txt
[4.289s] writing requirements to ../../build/brobot_tf/brobot_tf.egg-info/requires.txt
[4.289s] writing top-level names to ../../build/brobot_tf/brobot_tf.egg-info/top_level.txt
[4.289s] reading manifest file '../../build/brobot_tf/brobot_tf.egg-info/SOURCES.txt'
[4.290s] writing manifest file '../../build/brobot_tf/brobot_tf.egg-info/SOURCES.txt'
[4.290s] running build
[4.292s] running build_py
[4.292s] running install
[4.292s] running install_lib
[4.296s] running install_data
[4.296s] running install_egg_info
[4.300s] removing '/home/ubuntu/ros2_ws/install/brobot_tf/lib/python3.10/site-packages/brobot_tf-0.0.0-py3.10.egg-info' (and everything under it)
[4.300s] Copying ../../build/brobot_tf/brobot_tf.egg-info to /home/ubuntu/ros2_ws/install/brobot_tf/lib/python3.10/site-packages/brobot_tf-0.0.0-py3.10.egg-info
[4.302s] running install_scripts
[4.348s] Installing tf script to /home/ubuntu/ros2_ws/install/brobot_tf/lib/brobot_tf
[4.350s] writing list of installed files to '/home/ubuntu/ros2_ws/build/brobot_tf/install.log'
[4.441s] Invoked command in '/home/ubuntu/ros2_ws/src/brobot_tf' returned '0': PYTHONPATH=/home/ubuntu/ros2_ws/build/brobot_tf/prefix_override:/usr/lib/python3/dist-packages/colcon_core/task/python/colcon_distutils_commands:/home/ubuntu/ros2_ws/install/brobot_tf/lib/python3.10/site-packages:${PYTHONPATH} /usr/bin/python3 -W ignore:setup.py install is deprecated -W ignore:easy_install command is deprecated setup.py egg_info --egg-base ../../build/brobot_tf build --build-base /home/ubuntu/ros2_ws/build/brobot_tf/build install --record /home/ubuntu/ros2_ws/build/brobot_tf/install.log --single-version-externally-managed install_data
