[3.191s] Invoking command in '/home/ubuntu/ros2_ws/src/brobot_slam': PYTHONPATH=/home/ubuntu/ros2_ws/build/brobot_slam/prefix_override:/usr/lib/python3/dist-packages/colcon_core/task/python/colcon_distutils_commands:/home/ubuntu/ros2_ws/install/brobot_slam/lib/python3.10/site-packages:${PYTHONPATH} /usr/bin/python3 -W ignore:setup.py install is deprecated -W ignore:easy_install command is deprecated setup.py egg_info --egg-base ../../build/brobot_slam build --build-base /home/ubuntu/ros2_ws/build/brobot_slam/build install --record /home/ubuntu/ros2_ws/build/brobot_slam/install.log --single-version-externally-managed install_data
[3.640s] running egg_info
[3.641s] writing ../../build/brobot_slam/brobot_slam.egg-info/PKG-INFO
[3.642s] writing dependency_links to ../../build/brobot_slam/brobot_slam.egg-info/dependency_links.txt
[3.644s] writing entry points to ../../build/brobot_slam/brobot_slam.egg-info/entry_points.txt
[3.657s] writing requirements to ../../build/brobot_slam/brobot_slam.egg-info/requires.txt
[3.658s] writing top-level names to ../../build/brobot_slam/brobot_slam.egg-info/top_level.txt
[3.660s] reading manifest file '../../build/brobot_slam/brobot_slam.egg-info/SOURCES.txt'
[3.663s] writing manifest file '../../build/brobot_slam/brobot_slam.egg-info/SOURCES.txt'
[3.664s] running build
[3.665s] running build_py
[3.666s] running install
[3.667s] running install_lib
[3.669s] running install_data
[3.670s] running install_egg_info
[3.676s] removing '/home/ubuntu/ros2_ws/install/brobot_slam/lib/python3.10/site-packages/brobot_slam-0.0.1-py3.10.egg-info' (and everything under it)
[3.690s] Copying ../../build/brobot_slam/brobot_slam.egg-info to /home/ubuntu/ros2_ws/install/brobot_slam/lib/python3.10/site-packages/brobot_slam-0.0.1-py3.10.egg-info
[3.698s] running install_scripts
[3.744s] writing list of installed files to '/home/ubuntu/ros2_ws/build/brobot_slam/install.log'
[3.834s] Invoked command in '/home/ubuntu/ros2_ws/src/brobot_slam' returned '0': PYTHONPATH=/home/ubuntu/ros2_ws/build/brobot_slam/prefix_override:/usr/lib/python3/dist-packages/colcon_core/task/python/colcon_distutils_commands:/home/ubuntu/ros2_ws/install/brobot_slam/lib/python3.10/site-packages:${PYTHONPATH} /usr/bin/python3 -W ignore:setup.py install is deprecated -W ignore:easy_install command is deprecated setup.py egg_info --egg-base ../../build/brobot_slam build --build-base /home/ubuntu/ros2_ws/build/brobot_slam/build install --record /home/ubuntu/ros2_ws/build/brobot_slam/install.log --single-version-externally-managed install_data
