[1.605s] Invoking command in '/home/ubuntu/ros2_ws/src/brobot_tf': PYTHONPATH=/home/ubuntu/ros2_ws/build/brobot_tf/prefix_override:/usr/lib/python3/dist-packages/colcon_core/task/python/colcon_distutils_commands:/home/ubuntu/ros2_ws/install/brobot_tf/lib/python3.10/site-packages:${PYTHONPATH} /usr/bin/python3 -W ignore:setup.py install is deprecated -W ignore:easy_install command is deprecated setup.py egg_info --egg-base ../../build/brobot_tf build --build-base /home/ubuntu/ros2_ws/build/brobot_tf/build install --record /home/ubuntu/ros2_ws/build/brobot_tf/install.log --single-version-externally-managed install_data
[2.050s] running egg_info
[2.050s] writing ../../build/brobot_tf/brobot_tf.egg-info/PKG-INFO
[2.051s] writing dependency_links to ../../build/brobot_tf/brobot_tf.egg-info/dependency_links.txt
[2.051s] writing entry points to ../../build/brobot_tf/brobot_tf.egg-info/entry_points.txt
[2.051s] writing requirements to ../../build/brobot_tf/brobot_tf.egg-info/requires.txt
[2.053s] writing top-level names to ../../build/brobot_tf/brobot_tf.egg-info/top_level.txt
[2.056s] reading manifest file '../../build/brobot_tf/brobot_tf.egg-info/SOURCES.txt'
[2.058s] writing manifest file '../../build/brobot_tf/brobot_tf.egg-info/SOURCES.txt'
[2.059s] running build
[2.061s] running build_py
[2.061s] running install
[2.061s] running install_lib
[2.065s] running install_data
[2.068s] running install_egg_info
[2.068s] removing '/home/ubuntu/ros2_ws/install/brobot_tf/lib/python3.10/site-packages/brobot_tf-0.0.0-py3.10.egg-info' (and everything under it)
[2.068s] Copying ../../build/brobot_tf/brobot_tf.egg-info to /home/ubuntu/ros2_ws/install/brobot_tf/lib/python3.10/site-packages/brobot_tf-0.0.0-py3.10.egg-info
[2.068s] running install_scripts
[2.108s] Installing laser_tf_broadcaster script to /home/ubuntu/ros2_ws/install/brobot_tf/lib/brobot_tf
[2.108s] writing list of installed files to '/home/ubuntu/ros2_ws/build/brobot_tf/install.log'
[2.167s] Invoked command in '/home/ubuntu/ros2_ws/src/brobot_tf' returned '0': PYTHONPATH=/home/ubuntu/ros2_ws/build/brobot_tf/prefix_override:/usr/lib/python3/dist-packages/colcon_core/task/python/colcon_distutils_commands:/home/ubuntu/ros2_ws/install/brobot_tf/lib/python3.10/site-packages:${PYTHONPATH} /usr/bin/python3 -W ignore:setup.py install is deprecated -W ignore:easy_install command is deprecated setup.py egg_info --egg-base ../../build/brobot_tf build --build-base /home/ubuntu/ros2_ws/build/brobot_tf/build install --record /home/ubuntu/ros2_ws/build/brobot_tf/install.log --single-version-externally-managed install_data
