[2.061s] Invoking command in '/home/ubuntu/ros2_ws/src/brobot_odom': PYTHONPATH=/home/ubuntu/ros2_ws/build/brobot_odom/prefix_override:/usr/lib/python3/dist-packages/colcon_core/task/python/colcon_distutils_commands:/home/ubuntu/ros2_ws/install/brobot_odom/lib/python3.10/site-packages:${PYTHONPATH} /usr/bin/python3 -W ignore:setup.py install is deprecated -W ignore:easy_install command is deprecated setup.py egg_info --egg-base ../../build/brobot_odom build --build-base /home/ubuntu/ros2_ws/build/brobot_odom/build install --record /home/ubuntu/ros2_ws/build/brobot_odom/install.log --single-version-externally-managed install_data
[2.482s] running egg_info
[2.484s] writing ../../build/brobot_odom/brobot_odom.egg-info/PKG-INFO
[2.485s] writing dependency_links to ../../build/brobot_odom/brobot_odom.egg-info/dependency_links.txt
[2.486s] writing entry points to ../../build/brobot_odom/brobot_odom.egg-info/entry_points.txt
[2.486s] writing requirements to ../../build/brobot_odom/brobot_odom.egg-info/requires.txt
[2.486s] writing top-level names to ../../build/brobot_odom/brobot_odom.egg-info/top_level.txt
[2.489s] reading manifest file '../../build/brobot_odom/brobot_odom.egg-info/SOURCES.txt'
[2.492s] writing manifest file '../../build/brobot_odom/brobot_odom.egg-info/SOURCES.txt'
[2.492s] running build
[2.492s] running build_py
[2.492s] running install
[2.495s] running install_lib
[2.500s] running install_data
[2.500s] running install_egg_info
[2.501s] removing '/home/ubuntu/ros2_ws/install/brobot_odom/lib/python3.10/site-packages/brobot_odom-0.0.1-py3.10.egg-info' (and everything under it)
[2.502s] Copying ../../build/brobot_odom/brobot_odom.egg-info to /home/ubuntu/ros2_ws/install/brobot_odom/lib/python3.10/site-packages/brobot_odom-0.0.1-py3.10.egg-info
[2.503s] running install_scripts
[2.536s] Installing odom_publisher script to /home/ubuntu/ros2_ws/install/brobot_odom/lib/brobot_odom
[2.536s] writing list of installed files to '/home/ubuntu/ros2_ws/build/brobot_odom/install.log'
[2.608s] Invoked command in '/home/ubuntu/ros2_ws/src/brobot_odom' returned '0': PYTHONPATH=/home/ubuntu/ros2_ws/build/brobot_odom/prefix_override:/usr/lib/python3/dist-packages/colcon_core/task/python/colcon_distutils_commands:/home/ubuntu/ros2_ws/install/brobot_odom/lib/python3.10/site-packages:${PYTHONPATH} /usr/bin/python3 -W ignore:setup.py install is deprecated -W ignore:easy_install command is deprecated setup.py egg_info --egg-base ../../build/brobot_odom build --build-base /home/ubuntu/ros2_ws/build/brobot_odom/build install --record /home/ubuntu/ros2_ws/build/brobot_odom/install.log --single-version-externally-managed install_data
