running egg_info
writing ../../build/brobot_odom/brobot_odom.egg-info/PKG-INFO
writing dependency_links to ../../build/brobot_odom/brobot_odom.egg-info/dependency_links.txt
writing entry points to ../../build/brobot_odom/brobot_odom.egg-info/entry_points.txt
writing requirements to ../../build/brobot_odom/brobot_odom.egg-info/requires.txt
writing top-level names to ../../build/brobot_odom/brobot_odom.egg-info/top_level.txt
reading manifest file '../../build/brobot_odom/brobot_odom.egg-info/SOURCES.txt'
writing manifest file '../../build/brobot_odom/brobot_odom.egg-info/SOURCES.txt'
running build
running build_py
copying brobot_odom/odom_publisher.py -> /home/ubuntu/ros2_ws/build/brobot_odom/build/lib/brobot_odom
copying brobot_odom/odom.py -> /home/ubuntu/ros2_ws/build/brobot_odom/build/lib/brobot_odom
running install
running install_lib
copying /home/ubuntu/ros2_ws/build/brobot_odom/build/lib/brobot_odom/odom_publisher.py -> /home/ubuntu/ros2_ws/install/brobot_odom/lib/python3.10/site-packages/brobot_odom
copying /home/ubuntu/ros2_ws/build/brobot_odom/build/lib/brobot_odom/odom.py -> /home/ubuntu/ros2_ws/install/brobot_odom/lib/python3.10/site-packages/brobot_odom
byte-compiling /home/ubuntu/ros2_ws/install/brobot_odom/lib/python3.10/site-packages/brobot_odom/odom_publisher.py to odom_publisher.cpython-310.pyc
byte-compiling /home/ubuntu/ros2_ws/install/brobot_odom/lib/python3.10/site-packages/brobot_odom/odom.py to odom.cpython-310.pyc
running install_data
running install_egg_info
removing '/home/ubuntu/ros2_ws/install/brobot_odom/lib/python3.10/site-packages/brobot_odom-0.0.1-py3.10.egg-info' (and everything under it)
Copying ../../build/brobot_odom/brobot_odom.egg-info to /home/ubuntu/ros2_ws/install/brobot_odom/lib/python3.10/site-packages/brobot_odom-0.0.1-py3.10.egg-info
running install_scripts
Installing odom_publisher script to /home/ubuntu/ros2_ws/install/brobot_odom/lib/brobot_odom
writing list of installed files to '/home/ubuntu/ros2_ws/build/brobot_odom/install.log'
