[1.634s] Invoking command in '/home/ubuntu/ros2_ws/src/brobot_tf': PYTHONPATH=/home/ubuntu/ros2_ws/build/brobot_tf/prefix_override:/usr/lib/python3/dist-packages/colcon_core/task/python/colcon_distutils_commands:/home/ubuntu/ros2_ws/install/brobot_tf/lib/python3.10/site-packages:${PYTHONPATH} /usr/bin/python3 -W ignore:setup.py install is deprecated -W ignore:easy_install command is deprecated setup.py egg_info --egg-base ../../build/brobot_tf build --build-base /home/ubuntu/ros2_ws/build/brobot_tf/build install --record /home/ubuntu/ros2_ws/build/brobot_tf/install.log --single-version-externally-managed install_data
[2.059s] running egg_info
[2.060s] writing ../../build/brobot_tf/brobot_tf.egg-info/PKG-INFO
[2.060s] writing dependency_links to ../../build/brobot_tf/brobot_tf.egg-info/dependency_links.txt
[2.061s] writing entry points to ../../build/brobot_tf/brobot_tf.egg-info/entry_points.txt
[2.061s] writing requirements to ../../build/brobot_tf/brobot_tf.egg-info/requires.txt
[2.061s] writing top-level names to ../../build/brobot_tf/brobot_tf.egg-info/top_level.txt
[2.063s] reading manifest file '../../build/brobot_tf/brobot_tf.egg-info/SOURCES.txt'
[2.064s] writing manifest file '../../build/brobot_tf/brobot_tf.egg-info/SOURCES.txt'
[2.065s] running build
[2.065s] running build_py
[2.066s] running install
[2.066s] running install_lib
[2.072s] running install_data
[2.072s] running install_egg_info
[2.078s] removing '/home/ubuntu/ros2_ws/install/brobot_tf/lib/python3.10/site-packages/brobot_tf-0.0.0-py3.10.egg-info' (and everything under it)
[2.078s] Copying ../../build/brobot_tf/brobot_tf.egg-info to /home/ubuntu/ros2_ws/install/brobot_tf/lib/python3.10/site-packages/brobot_tf-0.0.0-py3.10.egg-info
[2.079s] running install_scripts
[2.111s] Installing laser_tf_broadcaster script to /home/ubuntu/ros2_ws/install/brobot_tf/lib/brobot_tf
[2.112s] writing list of installed files to '/home/ubuntu/ros2_ws/build/brobot_tf/install.log'
[2.179s] Invoked command in '/home/ubuntu/ros2_ws/src/brobot_tf' returned '0': PYTHONPATH=/home/ubuntu/ros2_ws/build/brobot_tf/prefix_override:/usr/lib/python3/dist-packages/colcon_core/task/python/colcon_distutils_commands:/home/ubuntu/ros2_ws/install/brobot_tf/lib/python3.10/site-packages:${PYTHONPATH} /usr/bin/python3 -W ignore:setup.py install is deprecated -W ignore:easy_install command is deprecated setup.py egg_info --egg-base ../../build/brobot_tf build --build-base /home/ubuntu/ros2_ws/build/brobot_tf/build install --record /home/ubuntu/ros2_ws/build/brobot_tf/install.log --single-version-externally-managed install_data
