[3.226s] Invoking command in '/home/ubuntu/ros2_ws/src/brobot_odom': PYTHONPATH=/home/ubuntu/ros2_ws/build/brobot_odom/prefix_override:/usr/lib/python3/dist-packages/colcon_core/task/python/colcon_distutils_commands:/home/ubuntu/ros2_ws/install/brobot_odom/lib/python3.10/site-packages:${PYTHONPATH} /usr/bin/python3 -W ignore:setup.py install is deprecated -W ignore:easy_install command is deprecated setup.py egg_info --egg-base ../../build/brobot_odom build --build-base /home/ubuntu/ros2_ws/build/brobot_odom/build install --record /home/ubuntu/ros2_ws/build/brobot_odom/install.log --single-version-externally-managed install_data
[3.827s] running egg_info
[3.829s] writing ../../build/brobot_odom/brobot_odom.egg-info/PKG-INFO
[3.830s] writing dependency_links to ../../build/brobot_odom/brobot_odom.egg-info/dependency_links.txt
[3.831s] writing entry points to ../../build/brobot_odom/brobot_odom.egg-info/entry_points.txt
[3.833s] writing requirements to ../../build/brobot_odom/brobot_odom.egg-info/requires.txt
[3.835s] writing top-level names to ../../build/brobot_odom/brobot_odom.egg-info/top_level.txt
[3.837s] reading manifest file '../../build/brobot_odom/brobot_odom.egg-info/SOURCES.txt'
[3.840s] writing manifest file '../../build/brobot_odom/brobot_odom.egg-info/SOURCES.txt'
[3.840s] running build
[3.847s] running build_py
[3.848s] running install
[3.849s] running install_lib
[3.851s] running install_data
[3.853s] running install_egg_info
[3.853s] removing '/home/ubuntu/ros2_ws/install/brobot_odom/lib/python3.10/site-packages/brobot_odom-0.0.1-py3.10.egg-info' (and everything under it)
[3.866s] Copying ../../build/brobot_odom/brobot_odom.egg-info to /home/ubuntu/ros2_ws/install/brobot_odom/lib/python3.10/site-packages/brobot_odom-0.0.1-py3.10.egg-info
[3.875s] running install_scripts
[3.912s] Installing odom script to /home/ubuntu/ros2_ws/install/brobot_odom/lib/brobot_odom
[3.917s] writing list of installed files to '/home/ubuntu/ros2_ws/build/brobot_odom/install.log'
[3.990s] Invoked command in '/home/ubuntu/ros2_ws/src/brobot_odom' returned '0': PYTHONPATH=/home/ubuntu/ros2_ws/build/brobot_odom/prefix_override:/usr/lib/python3/dist-packages/colcon_core/task/python/colcon_distutils_commands:/home/ubuntu/ros2_ws/install/brobot_odom/lib/python3.10/site-packages:${PYTHONPATH} /usr/bin/python3 -W ignore:setup.py install is deprecated -W ignore:easy_install command is deprecated setup.py egg_info --egg-base ../../build/brobot_odom build --build-base /home/ubuntu/ros2_ws/build/brobot_odom/build install --record /home/ubuntu/ros2_ws/build/brobot_odom/install.log --single-version-externally-managed install_data
