[0.185s] DEBUG:colcon:Command line arguments: ['/usr/bin/colcon', 'build']
[0.185s] DEBUG:colcon:Parsed command line arguments: Namespace(log_base=None, log_level=None, verb_name='build', build_base='build', install_base='install', merge_install=False, symlink_install=False, test_result_base=None, continue_on_error=False, executor='parallel', parallel_workers=8, event_handlers=None, ignore_user_meta=False, metas=['./colcon.meta'], base_paths=['.'], packages_ignore=None, packages_ignore_regex=None, paths=None, packages_up_to=None, packages_up_to_regex=None, packages_above=None, packages_above_and_dependencies=None, packages_above_depth=None, packages_select_by_dep=None, packages_skip_by_dep=None, packages_skip_up_to=None, packages_select_build_failed=False, packages_skip_build_finished=False, packages_select_test_failures=False, packages_skip_test_passed=False, packages_select=None, packages_skip=None, packages_select_regex=None, packages_skip_regex=None, packages_start=None, packages_end=None, allow_overriding=[], cmake_args=None, cmake_target=None, cmake_target_skip_unavailable=False, cmake_clean_cache=False, cmake_clean_first=False, cmake_force_configure=False, ament_cmake_args=None, catkin_cmake_args=None, catkin_skip_building_tests=False, mixin_files=None, mixin=None, verb_parser=<colcon_mixin.mixin.mixin_argument.MixinArgumentDecorator object at 0x7eb88eb137f0>, verb_extension=<colcon_core.verb.build.BuildVerb object at 0x7eb88eac9210>, main=<bound method BuildVerb.main of <colcon_core.verb.build.BuildVerb object at 0x7eb88eac9210>>, mixin_verb=('build',))
[0.461s] Level 1:colcon.colcon_core.package_discovery:discover_packages(colcon_meta) check parameters
[0.461s] Level 1:colcon.colcon_core.package_discovery:discover_packages(recursive) check parameters
[0.461s] Level 1:colcon.colcon_core.package_discovery:discover_packages(ignore) check parameters
[0.461s] Level 1:colcon.colcon_core.package_discovery:discover_packages(path) check parameters
[0.461s] Level 1:colcon.colcon_core.package_discovery:discover_packages(colcon_meta) discover
[0.462s] Level 1:colcon.colcon_core.package_discovery:discover_packages(recursive) discover
[0.462s] INFO:colcon.colcon_core.package_discovery:Crawling recursively for packages in '/home/ubuntu/ros2_ws'
[0.462s] Level 1:colcon.colcon_core.package_identification:_identify(.) by extensions ['ignore', 'ignore_ament_install']
[0.462s] Level 1:colcon.colcon_core.package_identification:_identify(.) by extension 'ignore'
[0.462s] Level 1:colcon.colcon_core.package_identification:_identify(.) by extension 'ignore_ament_install'
[0.462s] Level 1:colcon.colcon_core.package_identification:_identify(.) by extensions ['colcon_pkg']
[0.462s] Level 1:colcon.colcon_core.package_identification:_identify(.) by extension 'colcon_pkg'
[0.462s] Level 1:colcon.colcon_core.package_identification:_identify(.) by extensions ['colcon_meta']
[0.462s] Level 1:colcon.colcon_core.package_identification:_identify(.) by extension 'colcon_meta'
[0.462s] Level 1:colcon.colcon_core.package_identification:_identify(.) by extensions ['ros']
[0.462s] Level 1:colcon.colcon_core.package_identification:_identify(.) by extension 'ros'
[0.479s] Level 1:colcon.colcon_core.package_identification:_identify(.) by extensions ['cmake', 'python']
[0.479s] Level 1:colcon.colcon_core.package_identification:_identify(.) by extension 'cmake'
[0.480s] Level 1:colcon.colcon_core.package_identification:_identify(.) by extension 'python'
[0.480s] Level 1:colcon.colcon_core.package_identification:_identify(.) by extensions ['python_setup_py']
[0.480s] Level 1:colcon.colcon_core.package_identification:_identify(.) by extension 'python_setup_py'
[0.480s] Level 1:colcon.colcon_core.package_identification:_identify(build) by extensions ['ignore', 'ignore_ament_install']
[0.480s] Level 1:colcon.colcon_core.package_identification:_identify(build) by extension 'ignore'
[0.480s] Level 1:colcon.colcon_core.package_identification:_identify(build) ignored
[0.480s] Level 1:colcon.colcon_core.package_identification:_identify(install) by extensions ['ignore', 'ignore_ament_install']
[0.480s] Level 1:colcon.colcon_core.package_identification:_identify(install) by extension 'ignore'
[0.481s] Level 1:colcon.colcon_core.package_identification:_identify(install) ignored
[0.481s] Level 1:colcon.colcon_core.package_identification:_identify(log) by extensions ['ignore', 'ignore_ament_install']
[0.481s] Level 1:colcon.colcon_core.package_identification:_identify(log) by extension 'ignore'
[0.481s] Level 1:colcon.colcon_core.package_identification:_identify(log) ignored
[0.481s] Level 1:colcon.colcon_core.package_identification:_identify(src) by extensions ['ignore', 'ignore_ament_install']
[0.481s] Level 1:colcon.colcon_core.package_identification:_identify(src) by extension 'ignore'
[0.481s] Level 1:colcon.colcon_core.package_identification:_identify(src) by extension 'ignore_ament_install'
[0.481s] Level 1:colcon.colcon_core.package_identification:_identify(src) by extensions ['colcon_pkg']
[0.482s] Level 1:colcon.colcon_core.package_identification:_identify(src) by extension 'colcon_pkg'
[0.482s] Level 1:colcon.colcon_core.package_identification:_identify(src) by extensions ['colcon_meta']
[0.482s] Level 1:colcon.colcon_core.package_identification:_identify(src) by extension 'colcon_meta'
[0.482s] Level 1:colcon.colcon_core.package_identification:_identify(src) by extensions ['ros']
[0.482s] Level 1:colcon.colcon_core.package_identification:_identify(src) by extension 'ros'
[0.482s] Level 1:colcon.colcon_core.package_identification:_identify(src) by extensions ['cmake', 'python']
[0.482s] Level 1:colcon.colcon_core.package_identification:_identify(src) by extension 'cmake'
[0.482s] Level 1:colcon.colcon_core.package_identification:_identify(src) by extension 'python'
[0.482s] Level 1:colcon.colcon_core.package_identification:_identify(src) by extensions ['python_setup_py']
[0.482s] Level 1:colcon.colcon_core.package_identification:_identify(src) by extension 'python_setup_py'
[0.482s] Level 1:colcon.colcon_core.package_identification:_identify(src/brobot_display) by extensions ['ignore', 'ignore_ament_install']
[0.482s] Level 1:colcon.colcon_core.package_identification:_identify(src/brobot_display) by extension 'ignore'
[0.483s] Level 1:colcon.colcon_core.package_identification:_identify(src/brobot_display) by extension 'ignore_ament_install'
[0.483s] Level 1:colcon.colcon_core.package_identification:_identify(src/brobot_display) by extensions ['colcon_pkg']
[0.483s] Level 1:colcon.colcon_core.package_identification:_identify(src/brobot_display) by extension 'colcon_pkg'
[0.483s] Level 1:colcon.colcon_core.package_identification:_identify(src/brobot_display) by extensions ['colcon_meta']
[0.483s] Level 1:colcon.colcon_core.package_identification:_identify(src/brobot_display) by extension 'colcon_meta'
[0.483s] Level 1:colcon.colcon_core.package_identification:_identify(src/brobot_display) by extensions ['ros']
[0.483s] Level 1:colcon.colcon_core.package_identification:_identify(src/brobot_display) by extension 'ros'
[0.487s] DEBUG:colcon.colcon_core.package_identification:Package 'src/brobot_display' with type 'ros.ament_python' and name 'brobot_display'
[0.487s] Level 1:colcon.colcon_core.package_identification:_identify(src/brobot_navigation) by extensions ['ignore', 'ignore_ament_install']
[0.488s] Level 1:colcon.colcon_core.package_identification:_identify(src/brobot_navigation) by extension 'ignore'
[0.488s] Level 1:colcon.colcon_core.package_identification:_identify(src/brobot_navigation) by extension 'ignore_ament_install'
[0.488s] Level 1:colcon.colcon_core.package_identification:_identify(src/brobot_navigation) by extensions ['colcon_pkg']
[0.488s] Level 1:colcon.colcon_core.package_identification:_identify(src/brobot_navigation) by extension 'colcon_pkg'
[0.488s] Level 1:colcon.colcon_core.package_identification:_identify(src/brobot_navigation) by extensions ['colcon_meta']
[0.488s] Level 1:colcon.colcon_core.package_identification:_identify(src/brobot_navigation) by extension 'colcon_meta'
[0.488s] Level 1:colcon.colcon_core.package_identification:_identify(src/brobot_navigation) by extensions ['ros']
[0.488s] Level 1:colcon.colcon_core.package_identification:_identify(src/brobot_navigation) by extension 'ros'
[0.489s] DEBUG:colcon.colcon_core.package_identification:Package 'src/brobot_navigation' with type 'ros.ament_python' and name 'brobot_navigation'
[0.490s] Level 1:colcon.colcon_core.package_identification:_identify(src/brobot_odom) by extensions ['ignore', 'ignore_ament_install']
[0.490s] Level 1:colcon.colcon_core.package_identification:_identify(src/brobot_odom) by extension 'ignore'
[0.490s] Level 1:colcon.colcon_core.package_identification:_identify(src/brobot_odom) by extension 'ignore_ament_install'
[0.490s] Level 1:colcon.colcon_core.package_identification:_identify(src/brobot_odom) by extensions ['colcon_pkg']
[0.490s] Level 1:colcon.colcon_core.package_identification:_identify(src/brobot_odom) by extension 'colcon_pkg'
[0.490s] Level 1:colcon.colcon_core.package_identification:_identify(src/brobot_odom) by extensions ['colcon_meta']
[0.490s] Level 1:colcon.colcon_core.package_identification:_identify(src/brobot_odom) by extension 'colcon_meta'
[0.490s] Level 1:colcon.colcon_core.package_identification:_identify(src/brobot_odom) by extensions ['ros']
[0.490s] Level 1:colcon.colcon_core.package_identification:_identify(src/brobot_odom) by extension 'ros'
[0.491s] DEBUG:colcon.colcon_core.package_identification:Package 'src/brobot_odom' with type 'ros.ament_python' and name 'brobot_odom'
[0.492s] Level 1:colcon.colcon_core.package_identification:_identify(src/brobot_slam) by extensions ['ignore', 'ignore_ament_install']
[0.492s] Level 1:colcon.colcon_core.package_identification:_identify(src/brobot_slam) by extension 'ignore'
[0.492s] Level 1:colcon.colcon_core.package_identification:_identify(src/brobot_slam) by extension 'ignore_ament_install'
[0.492s] Level 1:colcon.colcon_core.package_identification:_identify(src/brobot_slam) by extensions ['colcon_pkg']
[0.492s] Level 1:colcon.colcon_core.package_identification:_identify(src/brobot_slam) by extension 'colcon_pkg'
[0.492s] Level 1:colcon.colcon_core.package_identification:_identify(src/brobot_slam) by extensions ['colcon_meta']
[0.492s] Level 1:colcon.colcon_core.package_identification:_identify(src/brobot_slam) by extension 'colcon_meta'
[0.493s] Level 1:colcon.colcon_core.package_identification:_identify(src/brobot_slam) by extensions ['ros']
[0.493s] Level 1:colcon.colcon_core.package_identification:_identify(src/brobot_slam) by extension 'ros'
[0.494s] DEBUG:colcon.colcon_core.package_identification:Package 'src/brobot_slam' with type 'ros.ament_python' and name 'brobot_slam'
[0.494s] Level 1:colcon.colcon_core.package_identification:_identify(src/brobot_tf) by extensions ['ignore', 'ignore_ament_install']
[0.495s] Level 1:colcon.colcon_core.package_identification:_identify(src/brobot_tf) by extension 'ignore'
[0.495s] Level 1:colcon.colcon_core.package_identification:_identify(src/brobot_tf) by extension 'ignore_ament_install'
[0.495s] Level 1:colcon.colcon_core.package_identification:_identify(src/brobot_tf) by extensions ['colcon_pkg']
[0.495s] Level 1:colcon.colcon_core.package_identification:_identify(src/brobot_tf) by extension 'colcon_pkg'
[0.495s] Level 1:colcon.colcon_core.package_identification:_identify(src/brobot_tf) by extensions ['colcon_meta']
[0.495s] Level 1:colcon.colcon_core.package_identification:_identify(src/brobot_tf) by extension 'colcon_meta'
[0.495s] Level 1:colcon.colcon_core.package_identification:_identify(src/brobot_tf) by extensions ['ros']
[0.495s] Level 1:colcon.colcon_core.package_identification:_identify(src/brobot_tf) by extension 'ros'
[0.496s] DEBUG:colcon.colcon_core.package_identification:Package 'src/brobot_tf' with type 'ros.ament_python' and name 'brobot_tf'
[0.497s] Level 1:colcon.colcon_core.package_identification:_identify(src/micro-ROS-Agent) by extensions ['ignore', 'ignore_ament_install']
[0.497s] Level 1:colcon.colcon_core.package_identification:_identify(src/micro-ROS-Agent) by extension 'ignore'
[0.497s] Level 1:colcon.colcon_core.package_identification:_identify(src/micro-ROS-Agent) by extension 'ignore_ament_install'
[0.497s] Level 1:colcon.colcon_core.package_identification:_identify(src/micro-ROS-Agent) by extensions ['colcon_pkg']
[0.497s] Level 1:colcon.colcon_core.package_identification:_identify(src/micro-ROS-Agent) by extension 'colcon_pkg'
[0.498s] Level 1:colcon.colcon_core.package_identification:_identify(src/micro-ROS-Agent) by extensions ['colcon_meta']
[0.498s] Level 1:colcon.colcon_core.package_identification:_identify(src/micro-ROS-Agent) by extension 'colcon_meta'
[0.498s] Level 1:colcon.colcon_core.package_identification:_identify(src/micro-ROS-Agent) by extensions ['ros']
[0.498s] Level 1:colcon.colcon_core.package_identification:_identify(src/micro-ROS-Agent) by extension 'ros'
[0.498s] Level 1:colcon.colcon_core.package_identification:_identify(src/micro-ROS-Agent) by extensions ['cmake', 'python']
[0.498s] Level 1:colcon.colcon_core.package_identification:_identify(src/micro-ROS-Agent) by extension 'cmake'
[0.498s] Level 1:colcon.colcon_core.package_identification:_identify(src/micro-ROS-Agent) by extension 'python'
[0.498s] Level 1:colcon.colcon_core.package_identification:_identify(src/micro-ROS-Agent) by extensions ['python_setup_py']
[0.498s] Level 1:colcon.colcon_core.package_identification:_identify(src/micro-ROS-Agent) by extension 'python_setup_py'
[0.498s] Level 1:colcon.colcon_core.package_identification:_identify(src/micro-ROS-Agent/micro_ros_agent) by extensions ['ignore', 'ignore_ament_install']
[0.499s] Level 1:colcon.colcon_core.package_identification:_identify(src/micro-ROS-Agent/micro_ros_agent) by extension 'ignore'
[0.499s] Level 1:colcon.colcon_core.package_identification:_identify(src/micro-ROS-Agent/micro_ros_agent) by extension 'ignore_ament_install'
[0.499s] Level 1:colcon.colcon_core.package_identification:_identify(src/micro-ROS-Agent/micro_ros_agent) by extensions ['colcon_pkg']
[0.499s] Level 1:colcon.colcon_core.package_identification:_identify(src/micro-ROS-Agent/micro_ros_agent) by extension 'colcon_pkg'
[0.499s] Level 1:colcon.colcon_core.package_identification:_identify(src/micro-ROS-Agent/micro_ros_agent) by extensions ['colcon_meta']
[0.499s] Level 1:colcon.colcon_core.package_identification:_identify(src/micro-ROS-Agent/micro_ros_agent) by extension 'colcon_meta'
[0.499s] Level 1:colcon.colcon_core.package_identification:_identify(src/micro-ROS-Agent/micro_ros_agent) by extensions ['ros']
[0.499s] Level 1:colcon.colcon_core.package_identification:_identify(src/micro-ROS-Agent/micro_ros_agent) by extension 'ros'
[0.501s] DEBUG:colcon.colcon_core.package_identification:Package 'src/micro-ROS-Agent/micro_ros_agent' with type 'ros.ament_cmake' and name 'micro_ros_agent'
[0.502s] Level 1:colcon.colcon_core.package_identification:_identify(src/micro-ROS-Agent/snap) by extensions ['ignore', 'ignore_ament_install']
[0.502s] Level 1:colcon.colcon_core.package_identification:_identify(src/micro-ROS-Agent/snap) by extension 'ignore'
[0.502s] Level 1:colcon.colcon_core.package_identification:_identify(src/micro-ROS-Agent/snap) by extension 'ignore_ament_install'
[0.502s] Level 1:colcon.colcon_core.package_identification:_identify(src/micro-ROS-Agent/snap) by extensions ['colcon_pkg']
[0.502s] Level 1:colcon.colcon_core.package_identification:_identify(src/micro-ROS-Agent/snap) by extension 'colcon_pkg'
[0.502s] Level 1:colcon.colcon_core.package_identification:_identify(src/micro-ROS-Agent/snap) by extensions ['colcon_meta']
[0.502s] Level 1:colcon.colcon_core.package_identification:_identify(src/micro-ROS-Agent/snap) by extension 'colcon_meta'
[0.503s] Level 1:colcon.colcon_core.package_identification:_identify(src/micro-ROS-Agent/snap) by extensions ['ros']
[0.503s] Level 1:colcon.colcon_core.package_identification:_identify(src/micro-ROS-Agent/snap) by extension 'ros'
[0.503s] Level 1:colcon.colcon_core.package_identification:_identify(src/micro-ROS-Agent/snap) by extensions ['cmake', 'python']
[0.503s] Level 1:colcon.colcon_core.package_identification:_identify(src/micro-ROS-Agent/snap) by extension 'cmake'
[0.503s] Level 1:colcon.colcon_core.package_identification:_identify(src/micro-ROS-Agent/snap) by extension 'python'
[0.503s] Level 1:colcon.colcon_core.package_identification:_identify(src/micro-ROS-Agent/snap) by extensions ['python_setup_py']
[0.503s] Level 1:colcon.colcon_core.package_identification:_identify(src/micro-ROS-Agent/snap) by extension 'python_setup_py'
[0.503s] Level 1:colcon.colcon_core.package_identification:_identify(src/micro-ROS-Agent/snap/hooks) by extensions ['ignore', 'ignore_ament_install']
[0.504s] Level 1:colcon.colcon_core.package_identification:_identify(src/micro-ROS-Agent/snap/hooks) by extension 'ignore'
[0.504s] Level 1:colcon.colcon_core.package_identification:_identify(src/micro-ROS-Agent/snap/hooks) by extension 'ignore_ament_install'
[0.504s] Level 1:colcon.colcon_core.package_identification:_identify(src/micro-ROS-Agent/snap/hooks) by extensions ['colcon_pkg']
[0.504s] Level 1:colcon.colcon_core.package_identification:_identify(src/micro-ROS-Agent/snap/hooks) by extension 'colcon_pkg'
[0.504s] Level 1:colcon.colcon_core.package_identification:_identify(src/micro-ROS-Agent/snap/hooks) by extensions ['colcon_meta']
[0.504s] Level 1:colcon.colcon_core.package_identification:_identify(src/micro-ROS-Agent/snap/hooks) by extension 'colcon_meta'
[0.505s] Level 1:colcon.colcon_core.package_identification:_identify(src/micro-ROS-Agent/snap/hooks) by extensions ['ros']
[0.505s] Level 1:colcon.colcon_core.package_identification:_identify(src/micro-ROS-Agent/snap/hooks) by extension 'ros'
[0.505s] Level 1:colcon.colcon_core.package_identification:_identify(src/micro-ROS-Agent/snap/hooks) by extensions ['cmake', 'python']
[0.505s] Level 1:colcon.colcon_core.package_identification:_identify(src/micro-ROS-Agent/snap/hooks) by extension 'cmake'
[0.505s] Level 1:colcon.colcon_core.package_identification:_identify(src/micro-ROS-Agent/snap/hooks) by extension 'python'
[0.505s] Level 1:colcon.colcon_core.package_identification:_identify(src/micro-ROS-Agent/snap/hooks) by extensions ['python_setup_py']
[0.505s] Level 1:colcon.colcon_core.package_identification:_identify(src/micro-ROS-Agent/snap/hooks) by extension 'python_setup_py'
[0.505s] Level 1:colcon.colcon_core.package_identification:_identify(src/micro-ROS-Agent/snap/local) by extensions ['ignore', 'ignore_ament_install']
[0.506s] Level 1:colcon.colcon_core.package_identification:_identify(src/micro-ROS-Agent/snap/local) by extension 'ignore'
[0.506s] Level 1:colcon.colcon_core.package_identification:_identify(src/micro-ROS-Agent/snap/local) by extension 'ignore_ament_install'
[0.506s] Level 1:colcon.colcon_core.package_identification:_identify(src/micro-ROS-Agent/snap/local) by extensions ['colcon_pkg']
[0.506s] Level 1:colcon.colcon_core.package_identification:_identify(src/micro-ROS-Agent/snap/local) by extension 'colcon_pkg'
[0.506s] Level 1:colcon.colcon_core.package_identification:_identify(src/micro-ROS-Agent/snap/local) by extensions ['colcon_meta']
[0.506s] Level 1:colcon.colcon_core.package_identification:_identify(src/micro-ROS-Agent/snap/local) by extension 'colcon_meta'
[0.506s] Level 1:colcon.colcon_core.package_identification:_identify(src/micro-ROS-Agent/snap/local) by extensions ['ros']
[0.506s] Level 1:colcon.colcon_core.package_identification:_identify(src/micro-ROS-Agent/snap/local) by extension 'ros'
[0.506s] Level 1:colcon.colcon_core.package_identification:_identify(src/micro-ROS-Agent/snap/local) by extensions ['cmake', 'python']
[0.506s] Level 1:colcon.colcon_core.package_identification:_identify(src/micro-ROS-Agent/snap/local) by extension 'cmake'
[0.506s] Level 1:colcon.colcon_core.package_identification:_identify(src/micro-ROS-Agent/snap/local) by extension 'python'
[0.506s] Level 1:colcon.colcon_core.package_identification:_identify(src/micro-ROS-Agent/snap/local) by extensions ['python_setup_py']
[0.507s] Level 1:colcon.colcon_core.package_identification:_identify(src/micro-ROS-Agent/snap/local) by extension 'python_setup_py'
[0.507s] Level 1:colcon.colcon_core.package_discovery:discover_packages(recursive) using defaults
[0.507s] Level 1:colcon.colcon_core.package_discovery:discover_packages(ignore) discover
[0.507s] Level 1:colcon.colcon_core.package_discovery:discover_packages(ignore) using defaults
[0.507s] Level 1:colcon.colcon_core.package_discovery:discover_packages(path) discover
[0.507s] Level 1:colcon.colcon_core.package_discovery:discover_packages(path) using defaults
[0.566s] Level 1:colcon.colcon_core.package_discovery:discover_packages(prefix_path) check parameters
[0.567s] Level 1:colcon.colcon_core.package_discovery:discover_packages(prefix_path) discover
[0.570s] DEBUG:colcon.colcon_installed_package_information.package_discovery:Found 10 installed packages in /home/ubuntu/ros2_ws/install
[0.573s] DEBUG:colcon.colcon_installed_package_information.package_discovery:Found 320 installed packages in /opt/ros/humble
[0.575s] Level 1:colcon.colcon_core.package_discovery:discover_packages(prefix_path) using defaults
[0.649s] Level 5:colcon.colcon_core.verb:set package 'brobot_display' build argument 'cmake_args' from command line to 'None'
[0.649s] Level 5:colcon.colcon_core.verb:set package 'brobot_display' build argument 'cmake_target' from command line to 'None'
[0.649s] Level 5:colcon.colcon_core.verb:set package 'brobot_display' build argument 'cmake_target_skip_unavailable' from command line to 'False'
[0.649s] Level 5:colcon.colcon_core.verb:set package 'brobot_display' build argument 'cmake_clean_cache' from command line to 'False'
[0.649s] Level 5:colcon.colcon_core.verb:set package 'brobot_display' build argument 'cmake_clean_first' from command line to 'False'
[0.649s] Level 5:colcon.colcon_core.verb:set package 'brobot_display' build argument 'cmake_force_configure' from command line to 'False'
[0.649s] Level 5:colcon.colcon_core.verb:set package 'brobot_display' build argument 'ament_cmake_args' from command line to 'None'
[0.649s] Level 5:colcon.colcon_core.verb:set package 'brobot_display' build argument 'catkin_cmake_args' from command line to 'None'
[0.649s] Level 5:colcon.colcon_core.verb:set package 'brobot_display' build argument 'catkin_skip_building_tests' from command line to 'False'
[0.649s] DEBUG:colcon.colcon_core.verb:Building package 'brobot_display' with the following arguments: {'ament_cmake_args': None, 'build_base': '/home/ubuntu/ros2_ws/build/brobot_display', 'catkin_cmake_args': None, 'catkin_skip_building_tests': False, 'cmake_args': None, 'cmake_clean_cache': False, 'cmake_clean_first': False, 'cmake_force_configure': False, 'cmake_target': None, 'cmake_target_skip_unavailable': False, 'install_base': '/home/ubuntu/ros2_ws/install/brobot_display', 'merge_install': False, 'path': '/home/ubuntu/ros2_ws/src/brobot_display', 'symlink_install': False, 'test_result_base': None}
[0.650s] Level 5:colcon.colcon_core.verb:set package 'brobot_navigation' build argument 'cmake_args' from command line to 'None'
[0.650s] Level 5:colcon.colcon_core.verb:set package 'brobot_navigation' build argument 'cmake_target' from command line to 'None'
[0.650s] Level 5:colcon.colcon_core.verb:set package 'brobot_navigation' build argument 'cmake_target_skip_unavailable' from command line to 'False'
[0.650s] Level 5:colcon.colcon_core.verb:set package 'brobot_navigation' build argument 'cmake_clean_cache' from command line to 'False'
[0.650s] Level 5:colcon.colcon_core.verb:set package 'brobot_navigation' build argument 'cmake_clean_first' from command line to 'False'
[0.651s] Level 5:colcon.colcon_core.verb:set package 'brobot_navigation' build argument 'cmake_force_configure' from command line to 'False'
[0.651s] Level 5:colcon.colcon_core.verb:set package 'brobot_navigation' build argument 'ament_cmake_args' from command line to 'None'
[0.651s] Level 5:colcon.colcon_core.verb:set package 'brobot_navigation' build argument 'catkin_cmake_args' from command line to 'None'
[0.651s] Level 5:colcon.colcon_core.verb:set package 'brobot_navigation' build argument 'catkin_skip_building_tests' from command line to 'False'
[0.651s] DEBUG:colcon.colcon_core.verb:Building package 'brobot_navigation' with the following arguments: {'ament_cmake_args': None, 'build_base': '/home/ubuntu/ros2_ws/build/brobot_navigation', 'catkin_cmake_args': None, 'catkin_skip_building_tests': False, 'cmake_args': None, 'cmake_clean_cache': False, 'cmake_clean_first': False, 'cmake_force_configure': False, 'cmake_target': None, 'cmake_target_skip_unavailable': False, 'install_base': '/home/ubuntu/ros2_ws/install/brobot_navigation', 'merge_install': False, 'path': '/home/ubuntu/ros2_ws/src/brobot_navigation', 'symlink_install': False, 'test_result_base': None}
[0.651s] Level 5:colcon.colcon_core.verb:set package 'brobot_odom' build argument 'cmake_args' from command line to 'None'
[0.651s] Level 5:colcon.colcon_core.verb:set package 'brobot_odom' build argument 'cmake_target' from command line to 'None'
[0.651s] Level 5:colcon.colcon_core.verb:set package 'brobot_odom' build argument 'cmake_target_skip_unavailable' from command line to 'False'
[0.651s] Level 5:colcon.colcon_core.verb:set package 'brobot_odom' build argument 'cmake_clean_cache' from command line to 'False'
[0.651s] Level 5:colcon.colcon_core.verb:set package 'brobot_odom' build argument 'cmake_clean_first' from command line to 'False'
[0.652s] Level 5:colcon.colcon_core.verb:set package 'brobot_odom' build argument 'cmake_force_configure' from command line to 'False'
[0.652s] Level 5:colcon.colcon_core.verb:set package 'brobot_odom' build argument 'ament_cmake_args' from command line to 'None'
[0.652s] Level 5:colcon.colcon_core.verb:set package 'brobot_odom' build argument 'catkin_cmake_args' from command line to 'None'
[0.652s] Level 5:colcon.colcon_core.verb:set package 'brobot_odom' build argument 'catkin_skip_building_tests' from command line to 'False'
[0.652s] DEBUG:colcon.colcon_core.verb:Building package 'brobot_odom' with the following arguments: {'ament_cmake_args': None, 'build_base': '/home/ubuntu/ros2_ws/build/brobot_odom', 'catkin_cmake_args': None, 'catkin_skip_building_tests': False, 'cmake_args': None, 'cmake_clean_cache': False, 'cmake_clean_first': False, 'cmake_force_configure': False, 'cmake_target': None, 'cmake_target_skip_unavailable': False, 'install_base': '/home/ubuntu/ros2_ws/install/brobot_odom', 'merge_install': False, 'path': '/home/ubuntu/ros2_ws/src/brobot_odom', 'symlink_install': False, 'test_result_base': None}
[0.652s] Level 5:colcon.colcon_core.verb:set package 'brobot_slam' build argument 'cmake_args' from command line to 'None'
[0.652s] Level 5:colcon.colcon_core.verb:set package 'brobot_slam' build argument 'cmake_target' from command line to 'None'
[0.652s] Level 5:colcon.colcon_core.verb:set package 'brobot_slam' build argument 'cmake_target_skip_unavailable' from command line to 'False'
[0.652s] Level 5:colcon.colcon_core.verb:set package 'brobot_slam' build argument 'cmake_clean_cache' from command line to 'False'
[0.652s] Level 5:colcon.colcon_core.verb:set package 'brobot_slam' build argument 'cmake_clean_first' from command line to 'False'
[0.652s] Level 5:colcon.colcon_core.verb:set package 'brobot_slam' build argument 'cmake_force_configure' from command line to 'False'
[0.652s] Level 5:colcon.colcon_core.verb:set package 'brobot_slam' build argument 'ament_cmake_args' from command line to 'None'
[0.652s] Level 5:colcon.colcon_core.verb:set package 'brobot_slam' build argument 'catkin_cmake_args' from command line to 'None'
[0.652s] Level 5:colcon.colcon_core.verb:set package 'brobot_slam' build argument 'catkin_skip_building_tests' from command line to 'False'
[0.653s] DEBUG:colcon.colcon_core.verb:Building package 'brobot_slam' with the following arguments: {'ament_cmake_args': None, 'build_base': '/home/ubuntu/ros2_ws/build/brobot_slam', 'catkin_cmake_args': None, 'catkin_skip_building_tests': False, 'cmake_args': None, 'cmake_clean_cache': False, 'cmake_clean_first': False, 'cmake_force_configure': False, 'cmake_target': None, 'cmake_target_skip_unavailable': False, 'install_base': '/home/ubuntu/ros2_ws/install/brobot_slam', 'merge_install': False, 'path': '/home/ubuntu/ros2_ws/src/brobot_slam', 'symlink_install': False, 'test_result_base': None}
[0.653s] Level 5:colcon.colcon_core.verb:set package 'brobot_tf' build argument 'cmake_args' from command line to 'None'
[0.653s] Level 5:colcon.colcon_core.verb:set package 'brobot_tf' build argument 'cmake_target' from command line to 'None'
[0.653s] Level 5:colcon.colcon_core.verb:set package 'brobot_tf' build argument 'cmake_target_skip_unavailable' from command line to 'False'
[0.653s] Level 5:colcon.colcon_core.verb:set package 'brobot_tf' build argument 'cmake_clean_cache' from command line to 'False'
[0.653s] Level 5:colcon.colcon_core.verb:set package 'brobot_tf' build argument 'cmake_clean_first' from command line to 'False'
[0.653s] Level 5:colcon.colcon_core.verb:set package 'brobot_tf' build argument 'cmake_force_configure' from command line to 'False'
[0.653s] Level 5:colcon.colcon_core.verb:set package 'brobot_tf' build argument 'ament_cmake_args' from command line to 'None'
[0.653s] Level 5:colcon.colcon_core.verb:set package 'brobot_tf' build argument 'catkin_cmake_args' from command line to 'None'
[0.653s] Level 5:colcon.colcon_core.verb:set package 'brobot_tf' build argument 'catkin_skip_building_tests' from command line to 'False'
[0.654s] DEBUG:colcon.colcon_core.verb:Building package 'brobot_tf' with the following arguments: {'ament_cmake_args': None, 'build_base': '/home/ubuntu/ros2_ws/build/brobot_tf', 'catkin_cmake_args': None, 'catkin_skip_building_tests': False, 'cmake_args': None, 'cmake_clean_cache': False, 'cmake_clean_first': False, 'cmake_force_configure': False, 'cmake_target': None, 'cmake_target_skip_unavailable': False, 'install_base': '/home/ubuntu/ros2_ws/install/brobot_tf', 'merge_install': False, 'path': '/home/ubuntu/ros2_ws/src/brobot_tf', 'symlink_install': False, 'test_result_base': None}
[0.654s] Level 5:colcon.colcon_core.verb:set package 'micro_ros_agent' build argument 'cmake_args' from command line to 'None'
[0.655s] Level 5:colcon.colcon_core.verb:set package 'micro_ros_agent' build argument 'cmake_target' from command line to 'None'
[0.655s] Level 5:colcon.colcon_core.verb:set package 'micro_ros_agent' build argument 'cmake_target_skip_unavailable' from command line to 'False'
[0.655s] Level 5:colcon.colcon_core.verb:set package 'micro_ros_agent' build argument 'cmake_clean_cache' from command line to 'False'
[0.655s] Level 5:colcon.colcon_core.verb:set package 'micro_ros_agent' build argument 'cmake_clean_first' from command line to 'False'
[0.655s] Level 5:colcon.colcon_core.verb:set package 'micro_ros_agent' build argument 'cmake_force_configure' from command line to 'False'
[0.655s] Level 5:colcon.colcon_core.verb:set package 'micro_ros_agent' build argument 'ament_cmake_args' from command line to 'None'
[0.655s] Level 5:colcon.colcon_core.verb:set package 'micro_ros_agent' build argument 'catkin_cmake_args' from command line to 'None'
[0.655s] Level 5:colcon.colcon_core.verb:set package 'micro_ros_agent' build argument 'catkin_skip_building_tests' from command line to 'False'
[0.655s] DEBUG:colcon.colcon_core.verb:Building package 'micro_ros_agent' with the following arguments: {'ament_cmake_args': None, 'build_base': '/home/ubuntu/ros2_ws/build/micro_ros_agent', 'catkin_cmake_args': None, 'catkin_skip_building_tests': False, 'cmake_args': None, 'cmake_clean_cache': False, 'cmake_clean_first': False, 'cmake_force_configure': False, 'cmake_target': None, 'cmake_target_skip_unavailable': False, 'install_base': '/home/ubuntu/ros2_ws/install/micro_ros_agent', 'merge_install': False, 'path': '/home/ubuntu/ros2_ws/src/micro-ROS-Agent/micro_ros_agent', 'symlink_install': False, 'test_result_base': None}
[0.655s] INFO:colcon.colcon_core.executor:Executing jobs using 'parallel' executor
[0.659s] DEBUG:colcon.colcon_parallel_executor.executor.parallel:run_until_complete
[0.659s] INFO:colcon.colcon_ros.task.ament_python.build:Building ROS package in '/home/ubuntu/ros2_ws/src/brobot_display' with build type 'ament_python'
[0.660s] Level 1:colcon.colcon_core.shell:create_environment_hook('brobot_display', 'ament_prefix_path')
[0.663s] INFO:colcon.colcon_core.plugin_system:Skipping extension 'colcon_core.shell.bat': Not used on non-Windows systems
[0.664s] INFO:colcon.colcon_core.shell:Creating environment hook '/home/ubuntu/ros2_ws/install/brobot_display/share/brobot_display/hook/ament_prefix_path.ps1'
[0.666s] INFO:colcon.colcon_core.shell:Creating environment descriptor '/home/ubuntu/ros2_ws/install/brobot_display/share/brobot_display/hook/ament_prefix_path.dsv'
[0.667s] INFO:colcon.colcon_core.shell:Creating environment hook '/home/ubuntu/ros2_ws/install/brobot_display/share/brobot_display/hook/ament_prefix_path.sh'
[0.668s] INFO:colcon.colcon_core.shell:Skip shell extension 'powershell' for command environment: Not usable outside of PowerShell
[0.669s] DEBUG:colcon.colcon_core.shell:Skip shell extension 'dsv' for command environment
[0.674s] INFO:colcon.colcon_ros.task.ament_python.build:Building ROS package in '/home/ubuntu/ros2_ws/src/brobot_navigation' with build type 'ament_python'
[0.675s] Level 1:colcon.colcon_core.shell:create_environment_hook('brobot_navigation', 'ament_prefix_path')
[0.675s] INFO:colcon.colcon_core.shell:Creating environment hook '/home/ubuntu/ros2_ws/install/brobot_navigation/share/brobot_navigation/hook/ament_prefix_path.ps1'
[0.676s] INFO:colcon.colcon_core.shell:Creating environment descriptor '/home/ubuntu/ros2_ws/install/brobot_navigation/share/brobot_navigation/hook/ament_prefix_path.dsv'
[0.677s] INFO:colcon.colcon_core.shell:Creating environment hook '/home/ubuntu/ros2_ws/install/brobot_navigation/share/brobot_navigation/hook/ament_prefix_path.sh'
[0.678s] INFO:colcon.colcon_core.shell:Skip shell extension 'powershell' for command environment: Not usable outside of PowerShell
[0.678s] DEBUG:colcon.colcon_core.shell:Skip shell extension 'dsv' for command environment
[0.689s] INFO:colcon.colcon_ros.task.ament_python.build:Building ROS package in '/home/ubuntu/ros2_ws/src/brobot_odom' with build type 'ament_python'
[0.689s] Level 1:colcon.colcon_core.shell:create_environment_hook('brobot_odom', 'ament_prefix_path')
[0.690s] INFO:colcon.colcon_core.shell:Creating environment hook '/home/ubuntu/ros2_ws/install/brobot_odom/share/brobot_odom/hook/ament_prefix_path.ps1'
[0.692s] INFO:colcon.colcon_core.shell:Creating environment descriptor '/home/ubuntu/ros2_ws/install/brobot_odom/share/brobot_odom/hook/ament_prefix_path.dsv'
[0.693s] INFO:colcon.colcon_core.shell:Creating environment hook '/home/ubuntu/ros2_ws/install/brobot_odom/share/brobot_odom/hook/ament_prefix_path.sh'
[0.696s] INFO:colcon.colcon_core.shell:Skip shell extension 'powershell' for command environment: Not usable outside of PowerShell
[0.696s] DEBUG:colcon.colcon_core.shell:Skip shell extension 'dsv' for command environment
[0.703s] INFO:colcon.colcon_ros.task.ament_python.build:Building ROS package in '/home/ubuntu/ros2_ws/src/brobot_slam' with build type 'ament_python'
[0.703s] Level 1:colcon.colcon_core.shell:create_environment_hook('brobot_slam', 'ament_prefix_path')
[0.704s] INFO:colcon.colcon_core.shell:Creating environment hook '/home/ubuntu/ros2_ws/install/brobot_slam/share/brobot_slam/hook/ament_prefix_path.ps1'
[0.705s] INFO:colcon.colcon_core.shell:Creating environment descriptor '/home/ubuntu/ros2_ws/install/brobot_slam/share/brobot_slam/hook/ament_prefix_path.dsv'
[0.706s] INFO:colcon.colcon_core.shell:Creating environment hook '/home/ubuntu/ros2_ws/install/brobot_slam/share/brobot_slam/hook/ament_prefix_path.sh'
[0.708s] INFO:colcon.colcon_core.shell:Skip shell extension 'powershell' for command environment: Not usable outside of PowerShell
[0.708s] DEBUG:colcon.colcon_core.shell:Skip shell extension 'dsv' for command environment
[0.716s] INFO:colcon.colcon_ros.task.ament_python.build:Building ROS package in '/home/ubuntu/ros2_ws/src/brobot_tf' with build type 'ament_python'
[0.716s] Level 1:colcon.colcon_core.shell:create_environment_hook('brobot_tf', 'ament_prefix_path')
[0.716s] INFO:colcon.colcon_core.shell:Creating environment hook '/home/ubuntu/ros2_ws/install/brobot_tf/share/brobot_tf/hook/ament_prefix_path.ps1'
[0.718s] INFO:colcon.colcon_core.shell:Creating environment descriptor '/home/ubuntu/ros2_ws/install/brobot_tf/share/brobot_tf/hook/ament_prefix_path.dsv'
[0.719s] INFO:colcon.colcon_core.shell:Creating environment hook '/home/ubuntu/ros2_ws/install/brobot_tf/share/brobot_tf/hook/ament_prefix_path.sh'
[0.721s] INFO:colcon.colcon_core.shell:Skip shell extension 'powershell' for command environment: Not usable outside of PowerShell
[0.722s] DEBUG:colcon.colcon_core.shell:Skip shell extension 'dsv' for command environment
[0.730s] INFO:colcon.colcon_ros.task.ament_cmake.build:Building ROS package in '/home/ubuntu/ros2_ws/src/micro-ROS-Agent/micro_ros_agent' with build type 'ament_cmake'
[0.731s] INFO:colcon.colcon_cmake.task.cmake.build:Building CMake package in '/home/ubuntu/ros2_ws/src/micro-ROS-Agent/micro_ros_agent'
[0.731s] INFO:colcon.colcon_core.shell:Skip shell extension 'powershell' for command environment: Not usable outside of PowerShell
[0.731s] DEBUG:colcon.colcon_core.shell:Skip shell extension 'dsv' for command environment
[1.205s] INFO:colcon.colcon_core.task.python.build:Building Python package in '/home/ubuntu/ros2_ws/src/brobot_display'
[1.206s] INFO:colcon.colcon_core.shell:Skip shell extension 'powershell' for command environment: Not usable outside of PowerShell
[1.206s] DEBUG:colcon.colcon_core.shell:Skip shell extension 'dsv' for command environment
[1.665s] WARNING:colcon.colcon_ros.task.ament_python.build:Package 'brobot_navigation' doesn't explicitly install a marker in the package index (colcon-ros currently does it implicitly but that fallback will be removed in the future)
[1.665s] INFO:colcon.colcon_core.task.python.build:Building Python package in '/home/ubuntu/ros2_ws/src/brobot_navigation'
[1.666s] INFO:colcon.colcon_core.shell:Skip shell extension 'powershell' for command environment: Not usable outside of PowerShell
[1.666s] DEBUG:colcon.colcon_core.shell:Skip shell extension 'dsv' for command environment
[2.100s] WARNING:colcon.colcon_ros.task.ament_python.build:Package 'brobot_odom' doesn't explicitly install a marker in the package index (colcon-ros currently does it implicitly but that fallback will be removed in the future)
[2.102s] INFO:colcon.colcon_core.task.python.build:Building Python package in '/home/ubuntu/ros2_ws/src/brobot_odom'
[2.102s] INFO:colcon.colcon_core.shell:Skip shell extension 'powershell' for command environment: Not usable outside of PowerShell
[2.103s] DEBUG:colcon.colcon_core.shell:Skip shell extension 'dsv' for command environment
[2.554s] WARNING:colcon.colcon_ros.task.ament_python.build:Package 'brobot_slam' doesn't explicitly install a marker in the package index (colcon-ros currently does it implicitly but that fallback will be removed in the future)
[2.555s] INFO:colcon.colcon_core.task.python.build:Building Python package in '/home/ubuntu/ros2_ws/src/brobot_slam'
[2.555s] INFO:colcon.colcon_core.shell:Skip shell extension 'powershell' for command environment: Not usable outside of PowerShell
[2.555s] DEBUG:colcon.colcon_core.shell:Skip shell extension 'dsv' for command environment
[3.026s] WARNING:colcon.colcon_ros.task.ament_python.build:Package 'brobot_tf' doesn't explicitly install a marker in the package index (colcon-ros currently does it implicitly but that fallback will be removed in the future)
[3.026s] INFO:colcon.colcon_core.task.python.build:Building Python package in '/home/ubuntu/ros2_ws/src/brobot_tf'
[3.026s] INFO:colcon.colcon_core.shell:Skip shell extension 'powershell' for command environment: Not usable outside of PowerShell
[3.027s] DEBUG:colcon.colcon_core.shell:Skip shell extension 'dsv' for command environment
[3.051s] DEBUG:colcon.colcon_core.event_handler.log_command:Invoking command in '/home/ubuntu/ros2_ws/build/micro_ros_agent': CMAKE_PREFIX_PATH=${CMAKE_PREFIX_PATH}:/home/ubuntu/ros2_ws/install/brobot_display:/home/ubuntu/ros2_ws/install/tf_tutorial:/home/ubuntu/ros2_ws/install/test_package:/home/ubuntu/ros2_ws/install/odom:/home/ubuntu/ros2_ws/install/brobot_tf:/home/ubuntu/ros2_ws/install/brobot_slam:/home/ubuntu/ros2_ws/install/brobot_odom:/home/ubuntu/ros2_ws/install/brobot_navigation:/opt/ros/humble /usr/bin/cmake --build /home/ubuntu/ros2_ws/build/micro_ros_agent -- -j8 -l8
[3.218s] DEBUG:colcon.colcon_core.event_handler.log_command:Invoked command in '/home/ubuntu/ros2_ws/build/micro_ros_agent' returned '0': CMAKE_PREFIX_PATH=${CMAKE_PREFIX_PATH}:/home/ubuntu/ros2_ws/install/brobot_display:/home/ubuntu/ros2_ws/install/tf_tutorial:/home/ubuntu/ros2_ws/install/test_package:/home/ubuntu/ros2_ws/install/odom:/home/ubuntu/ros2_ws/install/brobot_tf:/home/ubuntu/ros2_ws/install/brobot_slam:/home/ubuntu/ros2_ws/install/brobot_odom:/home/ubuntu/ros2_ws/install/brobot_navigation:/opt/ros/humble /usr/bin/cmake --build /home/ubuntu/ros2_ws/build/micro_ros_agent -- -j8 -l8
[3.233s] DEBUG:colcon.colcon_core.event_handler.log_command:Invoking command in '/home/ubuntu/ros2_ws/build/micro_ros_agent': CMAKE_PREFIX_PATH=${CMAKE_PREFIX_PATH}:/home/ubuntu/ros2_ws/install/brobot_display:/home/ubuntu/ros2_ws/install/tf_tutorial:/home/ubuntu/ros2_ws/install/test_package:/home/ubuntu/ros2_ws/install/odom:/home/ubuntu/ros2_ws/install/brobot_tf:/home/ubuntu/ros2_ws/install/brobot_slam:/home/ubuntu/ros2_ws/install/brobot_odom:/home/ubuntu/ros2_ws/install/brobot_navigation:/opt/ros/humble /usr/bin/cmake --install /home/ubuntu/ros2_ws/build/micro_ros_agent
[3.262s] Level 1:colcon.colcon_core.environment:create_environment_scripts_only(micro_ros_agent)
[3.266s] Level 1:colcon.colcon_core.environment:checking '/home/ubuntu/ros2_ws/install/micro_ros_agent' for CMake module files
[3.263s] DEBUG:colcon.colcon_core.event_handler.log_command:Invoked command in '/home/ubuntu/ros2_ws/build/micro_ros_agent' returned '0': CMAKE_PREFIX_PATH=${CMAKE_PREFIX_PATH}:/home/ubuntu/ros2_ws/install/brobot_display:/home/ubuntu/ros2_ws/install/tf_tutorial:/home/ubuntu/ros2_ws/install/test_package:/home/ubuntu/ros2_ws/install/odom:/home/ubuntu/ros2_ws/install/brobot_tf:/home/ubuntu/ros2_ws/install/brobot_slam:/home/ubuntu/ros2_ws/install/brobot_odom:/home/ubuntu/ros2_ws/install/brobot_navigation:/opt/ros/humble /usr/bin/cmake --install /home/ubuntu/ros2_ws/build/micro_ros_agent
[3.268s] Level 1:colcon.colcon_core.environment:checking '/home/ubuntu/ros2_ws/install/micro_ros_agent' for CMake config files
[3.268s] Level 1:colcon.colcon_core.shell:create_environment_hook('micro_ros_agent', 'cmake_prefix_path')
[3.269s] INFO:colcon.colcon_core.shell:Creating environment hook '/home/ubuntu/ros2_ws/install/micro_ros_agent/share/micro_ros_agent/hook/cmake_prefix_path.ps1'
[3.269s] INFO:colcon.colcon_core.shell:Creating environment descriptor '/home/ubuntu/ros2_ws/install/micro_ros_agent/share/micro_ros_agent/hook/cmake_prefix_path.dsv'
[3.270s] INFO:colcon.colcon_core.shell:Creating environment hook '/home/ubuntu/ros2_ws/install/micro_ros_agent/share/micro_ros_agent/hook/cmake_prefix_path.sh'
[3.272s] Level 1:colcon.colcon_core.environment:checking '/home/ubuntu/ros2_ws/install/micro_ros_agent/lib'
[3.272s] Level 1:colcon.colcon_core.shell:create_environment_hook('micro_ros_agent', 'ld_library_path_lib')
[3.273s] INFO:colcon.colcon_core.shell:Creating environment hook '/home/ubuntu/ros2_ws/install/micro_ros_agent/share/micro_ros_agent/hook/ld_library_path_lib.ps1'
[3.274s] INFO:colcon.colcon_core.shell:Creating environment descriptor '/home/ubuntu/ros2_ws/install/micro_ros_agent/share/micro_ros_agent/hook/ld_library_path_lib.dsv'
[3.274s] INFO:colcon.colcon_core.shell:Creating environment hook '/home/ubuntu/ros2_ws/install/micro_ros_agent/share/micro_ros_agent/hook/ld_library_path_lib.sh'
[3.275s] Level 1:colcon.colcon_core.environment:checking '/home/ubuntu/ros2_ws/install/micro_ros_agent/bin'
[3.276s] Level 1:colcon.colcon_core.environment:checking '/home/ubuntu/ros2_ws/install/micro_ros_agent/lib/pkgconfig/micro_ros_agent.pc'
[3.276s] Level 1:colcon.colcon_core.environment:checking '/home/ubuntu/ros2_ws/install/micro_ros_agent/lib/python3.10/site-packages'
[3.276s] Level 1:colcon.colcon_core.environment:checking '/home/ubuntu/ros2_ws/install/micro_ros_agent/bin'
[3.277s] INFO:colcon.colcon_core.shell:Creating package script '/home/ubuntu/ros2_ws/install/micro_ros_agent/share/micro_ros_agent/package.ps1'
[3.281s] INFO:colcon.colcon_core.shell:Creating package descriptor '/home/ubuntu/ros2_ws/install/micro_ros_agent/share/micro_ros_agent/package.dsv'
[3.283s] INFO:colcon.colcon_core.shell:Creating package script '/home/ubuntu/ros2_ws/install/micro_ros_agent/share/micro_ros_agent/package.sh'
[3.294s] INFO:colcon.colcon_core.shell:Creating package script '/home/ubuntu/ros2_ws/install/micro_ros_agent/share/micro_ros_agent/package.bash'
[3.295s] INFO:colcon.colcon_core.shell:Creating package script '/home/ubuntu/ros2_ws/install/micro_ros_agent/share/micro_ros_agent/package.zsh'
[3.296s] Level 1:colcon.colcon_core.environment:create_file_with_runtime_dependencies(/home/ubuntu/ros2_ws/install/micro_ros_agent/share/colcon-core/packages/micro_ros_agent)
[3.297s] Level 1:colcon.colcon_core.environment:create_environment_scripts_only(micro_ros_agent)
[3.298s] Level 1:colcon.colcon_core.environment:checking '/home/ubuntu/ros2_ws/install/micro_ros_agent' for CMake module files
[3.298s] Level 1:colcon.colcon_core.environment:checking '/home/ubuntu/ros2_ws/install/micro_ros_agent' for CMake config files
[3.299s] Level 1:colcon.colcon_core.shell:create_environment_hook('micro_ros_agent', 'cmake_prefix_path')
[3.299s] INFO:colcon.colcon_core.shell:Creating environment hook '/home/ubuntu/ros2_ws/install/micro_ros_agent/share/micro_ros_agent/hook/cmake_prefix_path.ps1'
[3.300s] INFO:colcon.colcon_core.shell:Creating environment descriptor '/home/ubuntu/ros2_ws/install/micro_ros_agent/share/micro_ros_agent/hook/cmake_prefix_path.dsv'
[3.300s] INFO:colcon.colcon_core.shell:Creating environment hook '/home/ubuntu/ros2_ws/install/micro_ros_agent/share/micro_ros_agent/hook/cmake_prefix_path.sh'
[3.301s] Level 1:colcon.colcon_core.environment:checking '/home/ubuntu/ros2_ws/install/micro_ros_agent/lib'
[3.302s] Level 1:colcon.colcon_core.shell:create_environment_hook('micro_ros_agent', 'ld_library_path_lib')
[3.302s] INFO:colcon.colcon_core.shell:Creating environment hook '/home/ubuntu/ros2_ws/install/micro_ros_agent/share/micro_ros_agent/hook/ld_library_path_lib.ps1'
[3.304s] INFO:colcon.colcon_core.shell:Creating environment descriptor '/home/ubuntu/ros2_ws/install/micro_ros_agent/share/micro_ros_agent/hook/ld_library_path_lib.dsv'
[3.305s] INFO:colcon.colcon_core.shell:Creating environment hook '/home/ubuntu/ros2_ws/install/micro_ros_agent/share/micro_ros_agent/hook/ld_library_path_lib.sh'
[3.305s] Level 1:colcon.colcon_core.environment:checking '/home/ubuntu/ros2_ws/install/micro_ros_agent/bin'
[3.305s] Level 1:colcon.colcon_core.environment:checking '/home/ubuntu/ros2_ws/install/micro_ros_agent/lib/pkgconfig/micro_ros_agent.pc'
[3.306s] Level 1:colcon.colcon_core.environment:checking '/home/ubuntu/ros2_ws/install/micro_ros_agent/lib/python3.10/site-packages'
[3.306s] Level 1:colcon.colcon_core.environment:checking '/home/ubuntu/ros2_ws/install/micro_ros_agent/bin'
[3.307s] INFO:colcon.colcon_core.shell:Creating package script '/home/ubuntu/ros2_ws/install/micro_ros_agent/share/micro_ros_agent/package.ps1'
[3.308s] INFO:colcon.colcon_core.shell:Creating package descriptor '/home/ubuntu/ros2_ws/install/micro_ros_agent/share/micro_ros_agent/package.dsv'
[3.308s] INFO:colcon.colcon_core.shell:Creating package script '/home/ubuntu/ros2_ws/install/micro_ros_agent/share/micro_ros_agent/package.sh'
[3.310s] INFO:colcon.colcon_core.shell:Creating package script '/home/ubuntu/ros2_ws/install/micro_ros_agent/share/micro_ros_agent/package.bash'
[3.316s] INFO:colcon.colcon_core.shell:Creating package script '/home/ubuntu/ros2_ws/install/micro_ros_agent/share/micro_ros_agent/package.zsh'
[3.317s] Level 1:colcon.colcon_core.environment:create_file_with_runtime_dependencies(/home/ubuntu/ros2_ws/install/micro_ros_agent/share/colcon-core/packages/micro_ros_agent)
[3.801s] DEBUG:colcon.colcon_core.event_handler.log_command:Invoking command in '/home/ubuntu/ros2_ws/src/brobot_tf': PYTHONPATH=/home/ubuntu/ros2_ws/build/brobot_tf/prefix_override:/usr/lib/python3/dist-packages/colcon_core/task/python/colcon_distutils_commands:/home/ubuntu/ros2_ws/install/brobot_tf/lib/python3.10/site-packages:${PYTHONPATH} /usr/bin/python3 -W ignore:setup.py install is deprecated -W ignore:easy_install command is deprecated setup.py egg_info --egg-base ../../build/brobot_tf build --build-base /home/ubuntu/ros2_ws/build/brobot_tf/build install --record /home/ubuntu/ros2_ws/build/brobot_tf/install.log --single-version-externally-managed install_data
[3.824s] DEBUG:colcon.colcon_core.event_handler.log_command:Invoking command in '/home/ubuntu/ros2_ws/src/brobot_display': PYTHONPATH=/home/ubuntu/ros2_ws/build/brobot_display/prefix_override:/usr/lib/python3/dist-packages/colcon_core/task/python/colcon_distutils_commands:/home/ubuntu/ros2_ws/install/brobot_display/lib/python3.10/site-packages:${PYTHONPATH} /usr/bin/python3 -W ignore:setup.py install is deprecated -W ignore:easy_install command is deprecated setup.py egg_info --egg-base ../../build/brobot_display build --build-base /home/ubuntu/ros2_ws/build/brobot_display/build install --record /home/ubuntu/ros2_ws/build/brobot_display/install.log --single-version-externally-managed install_data
[3.876s] DEBUG:colcon.colcon_core.event_handler.log_command:Invoking command in '/home/ubuntu/ros2_ws/src/brobot_odom': PYTHONPATH=/home/ubuntu/ros2_ws/build/brobot_odom/prefix_override:/usr/lib/python3/dist-packages/colcon_core/task/python/colcon_distutils_commands:/home/ubuntu/ros2_ws/install/brobot_odom/lib/python3.10/site-packages:${PYTHONPATH} /usr/bin/python3 -W ignore:setup.py install is deprecated -W ignore:easy_install command is deprecated setup.py egg_info --egg-base ../../build/brobot_odom build --build-base /home/ubuntu/ros2_ws/build/brobot_odom/build install --record /home/ubuntu/ros2_ws/build/brobot_odom/install.log --single-version-externally-managed install_data
[3.897s] DEBUG:colcon.colcon_core.event_handler.log_command:Invoking command in '/home/ubuntu/ros2_ws/src/brobot_navigation': PYTHONPATH=/home/ubuntu/ros2_ws/build/brobot_navigation/prefix_override:/usr/lib/python3/dist-packages/colcon_core/task/python/colcon_distutils_commands:/home/ubuntu/ros2_ws/install/brobot_navigation/lib/python3.10/site-packages:${PYTHONPATH} /usr/bin/python3 -W ignore:setup.py install is deprecated -W ignore:easy_install command is deprecated setup.py egg_info --egg-base ../../build/brobot_navigation build --build-base /home/ubuntu/ros2_ws/build/brobot_navigation/build install --record /home/ubuntu/ros2_ws/build/brobot_navigation/install.log --single-version-externally-managed install_data
[4.011s] DEBUG:colcon.colcon_core.event_handler.log_command:Invoking command in '/home/ubuntu/ros2_ws/src/brobot_slam': PYTHONPATH=/home/ubuntu/ros2_ws/build/brobot_slam/prefix_override:/usr/lib/python3/dist-packages/colcon_core/task/python/colcon_distutils_commands:/home/ubuntu/ros2_ws/install/brobot_slam/lib/python3.10/site-packages:${PYTHONPATH} /usr/bin/python3 -W ignore:setup.py install is deprecated -W ignore:easy_install command is deprecated setup.py egg_info --egg-base ../../build/brobot_slam build --build-base /home/ubuntu/ros2_ws/build/brobot_slam/build install --record /home/ubuntu/ros2_ws/build/brobot_slam/install.log --single-version-externally-managed install_data
[4.481s] Level 1:colcon.colcon_core.environment:checking '/home/ubuntu/ros2_ws/install/brobot_tf' for CMake module files
[4.486s] DEBUG:colcon.colcon_core.event_handler.log_command:Invoked command in '/home/ubuntu/ros2_ws/src/brobot_tf' returned '0': PYTHONPATH=/home/ubuntu/ros2_ws/build/brobot_tf/prefix_override:/usr/lib/python3/dist-packages/colcon_core/task/python/colcon_distutils_commands:/home/ubuntu/ros2_ws/install/brobot_tf/lib/python3.10/site-packages:${PYTHONPATH} /usr/bin/python3 -W ignore:setup.py install is deprecated -W ignore:easy_install command is deprecated setup.py egg_info --egg-base ../../build/brobot_tf build --build-base /home/ubuntu/ros2_ws/build/brobot_tf/build install --record /home/ubuntu/ros2_ws/build/brobot_tf/install.log --single-version-externally-managed install_data
[4.490s] Level 1:colcon.colcon_core.environment:checking '/home/ubuntu/ros2_ws/install/brobot_tf' for CMake config files
[4.493s] Level 1:colcon.colcon_core.environment:checking '/home/ubuntu/ros2_ws/install/brobot_tf/lib'
[4.494s] Level 1:colcon.colcon_core.environment:checking '/home/ubuntu/ros2_ws/install/brobot_tf/bin'
[4.494s] Level 1:colcon.colcon_core.environment:checking '/home/ubuntu/ros2_ws/install/brobot_tf/lib/pkgconfig/brobot_tf.pc'
[4.496s] Level 1:colcon.colcon_core.environment:checking '/home/ubuntu/ros2_ws/install/brobot_tf/lib/python3.10/site-packages'
[4.497s] Level 1:colcon.colcon_core.shell:create_environment_hook('brobot_tf', 'pythonpath')
[4.497s] INFO:colcon.colcon_core.shell:Creating environment hook '/home/ubuntu/ros2_ws/install/brobot_tf/share/brobot_tf/hook/pythonpath.ps1'
[4.498s] INFO:colcon.colcon_core.shell:Creating environment descriptor '/home/ubuntu/ros2_ws/install/brobot_tf/share/brobot_tf/hook/pythonpath.dsv'
[4.499s] INFO:colcon.colcon_core.shell:Creating environment hook '/home/ubuntu/ros2_ws/install/brobot_tf/share/brobot_tf/hook/pythonpath.sh'
[4.501s] Level 1:colcon.colcon_core.environment:checking '/home/ubuntu/ros2_ws/install/brobot_tf/bin'
[4.505s] Level 1:colcon.colcon_core.environment:create_environment_scripts_only(brobot_tf)
[4.506s] INFO:colcon.colcon_core.shell:Creating package script '/home/ubuntu/ros2_ws/install/brobot_tf/share/brobot_tf/package.ps1'
[4.507s] INFO:colcon.colcon_core.shell:Creating package descriptor '/home/ubuntu/ros2_ws/install/brobot_tf/share/brobot_tf/package.dsv'
[4.508s] INFO:colcon.colcon_core.shell:Creating package script '/home/ubuntu/ros2_ws/install/brobot_tf/share/brobot_tf/package.sh'
[4.508s] INFO:colcon.colcon_core.shell:Creating package script '/home/ubuntu/ros2_ws/install/brobot_tf/share/brobot_tf/package.bash'
[4.509s] INFO:colcon.colcon_core.shell:Creating package script '/home/ubuntu/ros2_ws/install/brobot_tf/share/brobot_tf/package.zsh'
[4.511s] Level 1:colcon.colcon_core.environment:create_file_with_runtime_dependencies(/home/ubuntu/ros2_ws/install/brobot_tf/share/colcon-core/packages/brobot_tf)
[4.515s] Level 1:colcon.colcon_core.environment:checking '/home/ubuntu/ros2_ws/install/brobot_odom' for CMake module files
[4.516s] DEBUG:colcon.colcon_core.event_handler.log_command:Invoked command in '/home/ubuntu/ros2_ws/src/brobot_odom' returned '0': PYTHONPATH=/home/ubuntu/ros2_ws/build/brobot_odom/prefix_override:/usr/lib/python3/dist-packages/colcon_core/task/python/colcon_distutils_commands:/home/ubuntu/ros2_ws/install/brobot_odom/lib/python3.10/site-packages:${PYTHONPATH} /usr/bin/python3 -W ignore:setup.py install is deprecated -W ignore:easy_install command is deprecated setup.py egg_info --egg-base ../../build/brobot_odom build --build-base /home/ubuntu/ros2_ws/build/brobot_odom/build install --record /home/ubuntu/ros2_ws/build/brobot_odom/install.log --single-version-externally-managed install_data
[4.516s] Level 1:colcon.colcon_core.environment:checking '/home/ubuntu/ros2_ws/install/brobot_odom' for CMake config files
[4.517s] Level 1:colcon.colcon_core.environment:checking '/home/ubuntu/ros2_ws/install/brobot_odom/lib'
[4.517s] Level 1:colcon.colcon_core.environment:checking '/home/ubuntu/ros2_ws/install/brobot_odom/bin'
[4.518s] Level 1:colcon.colcon_core.environment:checking '/home/ubuntu/ros2_ws/install/brobot_odom/lib/pkgconfig/brobot_odom.pc'
[4.518s] Level 1:colcon.colcon_core.environment:checking '/home/ubuntu/ros2_ws/install/brobot_odom/lib/python3.10/site-packages'
[4.518s] Level 1:colcon.colcon_core.shell:create_environment_hook('brobot_odom', 'pythonpath')
[4.518s] INFO:colcon.colcon_core.shell:Creating environment hook '/home/ubuntu/ros2_ws/install/brobot_odom/share/brobot_odom/hook/pythonpath.ps1'
[4.519s] INFO:colcon.colcon_core.shell:Creating environment descriptor '/home/ubuntu/ros2_ws/install/brobot_odom/share/brobot_odom/hook/pythonpath.dsv'
[4.520s] INFO:colcon.colcon_core.shell:Creating environment hook '/home/ubuntu/ros2_ws/install/brobot_odom/share/brobot_odom/hook/pythonpath.sh'
[4.521s] Level 1:colcon.colcon_core.environment:checking '/home/ubuntu/ros2_ws/install/brobot_odom/bin'
[4.521s] Level 1:colcon.colcon_core.environment:create_environment_scripts_only(brobot_odom)
[4.522s] INFO:colcon.colcon_core.shell:Creating package script '/home/ubuntu/ros2_ws/install/brobot_odom/share/brobot_odom/package.ps1'
[4.523s] INFO:colcon.colcon_core.shell:Creating package descriptor '/home/ubuntu/ros2_ws/install/brobot_odom/share/brobot_odom/package.dsv'
[4.524s] INFO:colcon.colcon_core.shell:Creating package script '/home/ubuntu/ros2_ws/install/brobot_odom/share/brobot_odom/package.sh'
[4.524s] INFO:colcon.colcon_core.shell:Creating package script '/home/ubuntu/ros2_ws/install/brobot_odom/share/brobot_odom/package.bash'
[4.525s] INFO:colcon.colcon_core.shell:Creating package script '/home/ubuntu/ros2_ws/install/brobot_odom/share/brobot_odom/package.zsh'
[4.526s] Level 1:colcon.colcon_core.environment:create_file_with_runtime_dependencies(/home/ubuntu/ros2_ws/install/brobot_odom/share/colcon-core/packages/brobot_odom)
[4.526s] Level 1:colcon.colcon_core.environment:checking '/home/ubuntu/ros2_ws/install/brobot_navigation' for CMake module files
[4.528s] Level 1:colcon.colcon_core.environment:checking '/home/ubuntu/ros2_ws/install/brobot_navigation' for CMake config files
[4.529s] DEBUG:colcon.colcon_core.event_handler.log_command:Invoked command in '/home/ubuntu/ros2_ws/src/brobot_navigation' returned '0': PYTHONPATH=/home/ubuntu/ros2_ws/build/brobot_navigation/prefix_override:/usr/lib/python3/dist-packages/colcon_core/task/python/colcon_distutils_commands:/home/ubuntu/ros2_ws/install/brobot_navigation/lib/python3.10/site-packages:${PYTHONPATH} /usr/bin/python3 -W ignore:setup.py install is deprecated -W ignore:easy_install command is deprecated setup.py egg_info --egg-base ../../build/brobot_navigation build --build-base /home/ubuntu/ros2_ws/build/brobot_navigation/build install --record /home/ubuntu/ros2_ws/build/brobot_navigation/install.log --single-version-externally-managed install_data
[4.530s] Level 1:colcon.colcon_core.environment:checking '/home/ubuntu/ros2_ws/install/brobot_navigation/lib'
[4.530s] Level 1:colcon.colcon_core.environment:checking '/home/ubuntu/ros2_ws/install/brobot_navigation/bin'
[4.530s] Level 1:colcon.colcon_core.environment:checking '/home/ubuntu/ros2_ws/install/brobot_navigation/lib/pkgconfig/brobot_navigation.pc'
[4.531s] Level 1:colcon.colcon_core.environment:checking '/home/ubuntu/ros2_ws/install/brobot_navigation/lib/python3.10/site-packages'
[4.531s] Level 1:colcon.colcon_core.shell:create_environment_hook('brobot_navigation', 'pythonpath')
[4.531s] INFO:colcon.colcon_core.shell:Creating environment hook '/home/ubuntu/ros2_ws/install/brobot_navigation/share/brobot_navigation/hook/pythonpath.ps1'
[4.532s] INFO:colcon.colcon_core.shell:Creating environment descriptor '/home/ubuntu/ros2_ws/install/brobot_navigation/share/brobot_navigation/hook/pythonpath.dsv'
[4.533s] INFO:colcon.colcon_core.shell:Creating environment hook '/home/ubuntu/ros2_ws/install/brobot_navigation/share/brobot_navigation/hook/pythonpath.sh'
[4.533s] Level 1:colcon.colcon_core.environment:checking '/home/ubuntu/ros2_ws/install/brobot_navigation/bin'
[4.534s] Level 1:colcon.colcon_core.environment:create_environment_scripts_only(brobot_navigation)
[4.534s] INFO:colcon.colcon_core.shell:Creating package script '/home/ubuntu/ros2_ws/install/brobot_navigation/share/brobot_navigation/package.ps1'
[4.535s] INFO:colcon.colcon_core.shell:Creating package descriptor '/home/ubuntu/ros2_ws/install/brobot_navigation/share/brobot_navigation/package.dsv'
[4.535s] INFO:colcon.colcon_core.shell:Creating package script '/home/ubuntu/ros2_ws/install/brobot_navigation/share/brobot_navigation/package.sh'
[4.536s] INFO:colcon.colcon_core.shell:Creating package script '/home/ubuntu/ros2_ws/install/brobot_navigation/share/brobot_navigation/package.bash'
[4.536s] INFO:colcon.colcon_core.shell:Creating package script '/home/ubuntu/ros2_ws/install/brobot_navigation/share/brobot_navigation/package.zsh'
[4.537s] Level 1:colcon.colcon_core.environment:create_file_with_runtime_dependencies(/home/ubuntu/ros2_ws/install/brobot_navigation/share/colcon-core/packages/brobot_navigation)
[4.538s] Level 1:colcon.colcon_core.environment:checking '/home/ubuntu/ros2_ws/install/brobot_display' for CMake module files
[4.539s] Level 1:colcon.colcon_core.environment:checking '/home/ubuntu/ros2_ws/install/brobot_display' for CMake config files
[4.540s] Level 1:colcon.colcon_core.environment:checking '/home/ubuntu/ros2_ws/install/brobot_display/lib'
[4.540s] Level 1:colcon.colcon_core.environment:checking '/home/ubuntu/ros2_ws/install/brobot_display/bin'
[4.541s] DEBUG:colcon.colcon_core.event_handler.log_command:Invoked command in '/home/ubuntu/ros2_ws/src/brobot_display' returned '0': PYTHONPATH=/home/ubuntu/ros2_ws/build/brobot_display/prefix_override:/usr/lib/python3/dist-packages/colcon_core/task/python/colcon_distutils_commands:/home/ubuntu/ros2_ws/install/brobot_display/lib/python3.10/site-packages:${PYTHONPATH} /usr/bin/python3 -W ignore:setup.py install is deprecated -W ignore:easy_install command is deprecated setup.py egg_info --egg-base ../../build/brobot_display build --build-base /home/ubuntu/ros2_ws/build/brobot_display/build install --record /home/ubuntu/ros2_ws/build/brobot_display/install.log --single-version-externally-managed install_data
[4.541s] Level 1:colcon.colcon_core.environment:checking '/home/ubuntu/ros2_ws/install/brobot_display/lib/pkgconfig/brobot_display.pc'
[4.542s] Level 1:colcon.colcon_core.environment:checking '/home/ubuntu/ros2_ws/install/brobot_display/lib/python3.10/site-packages'
[4.542s] Level 1:colcon.colcon_core.shell:create_environment_hook('brobot_display', 'pythonpath')
[4.542s] INFO:colcon.colcon_core.shell:Creating environment hook '/home/ubuntu/ros2_ws/install/brobot_display/share/brobot_display/hook/pythonpath.ps1'
[4.543s] INFO:colcon.colcon_core.shell:Creating environment descriptor '/home/ubuntu/ros2_ws/install/brobot_display/share/brobot_display/hook/pythonpath.dsv'
[4.544s] INFO:colcon.colcon_core.shell:Creating environment hook '/home/ubuntu/ros2_ws/install/brobot_display/share/brobot_display/hook/pythonpath.sh'
[4.546s] Level 1:colcon.colcon_core.environment:checking '/home/ubuntu/ros2_ws/install/brobot_display/bin'
[4.546s] Level 1:colcon.colcon_core.environment:create_environment_scripts_only(brobot_display)
[4.547s] INFO:colcon.colcon_core.shell:Creating package script '/home/ubuntu/ros2_ws/install/brobot_display/share/brobot_display/package.ps1'
[4.548s] INFO:colcon.colcon_core.shell:Creating package descriptor '/home/ubuntu/ros2_ws/install/brobot_display/share/brobot_display/package.dsv'
[4.549s] INFO:colcon.colcon_core.shell:Creating package script '/home/ubuntu/ros2_ws/install/brobot_display/share/brobot_display/package.sh'
[4.550s] INFO:colcon.colcon_core.shell:Creating package script '/home/ubuntu/ros2_ws/install/brobot_display/share/brobot_display/package.bash'
[4.551s] INFO:colcon.colcon_core.shell:Creating package script '/home/ubuntu/ros2_ws/install/brobot_display/share/brobot_display/package.zsh'
[4.551s] Level 1:colcon.colcon_core.environment:create_file_with_runtime_dependencies(/home/ubuntu/ros2_ws/install/brobot_display/share/colcon-core/packages/brobot_display)
[4.598s] Level 1:colcon.colcon_core.environment:checking '/home/ubuntu/ros2_ws/install/brobot_slam' for CMake module files
[4.599s] Level 1:colcon.colcon_core.environment:checking '/home/ubuntu/ros2_ws/install/brobot_slam' for CMake config files
[4.600s] Level 1:colcon.colcon_core.environment:checking '/home/ubuntu/ros2_ws/install/brobot_slam/lib'
[4.600s] Level 1:colcon.colcon_core.environment:checking '/home/ubuntu/ros2_ws/install/brobot_slam/bin'
[4.600s] Level 1:colcon.colcon_core.environment:checking '/home/ubuntu/ros2_ws/install/brobot_slam/lib/pkgconfig/brobot_slam.pc'
[4.600s] Level 1:colcon.colcon_core.environment:checking '/home/ubuntu/ros2_ws/install/brobot_slam/lib/python3.10/site-packages'
[4.601s] Level 1:colcon.colcon_core.shell:create_environment_hook('brobot_slam', 'pythonpath')
[4.601s] INFO:colcon.colcon_core.shell:Creating environment hook '/home/ubuntu/ros2_ws/install/brobot_slam/share/brobot_slam/hook/pythonpath.ps1'
[4.602s] INFO:colcon.colcon_core.shell:Creating environment descriptor '/home/ubuntu/ros2_ws/install/brobot_slam/share/brobot_slam/hook/pythonpath.dsv'
[4.602s] DEBUG:colcon.colcon_core.event_handler.log_command:Invoked command in '/home/ubuntu/ros2_ws/src/brobot_slam' returned '0': PYTHONPATH=/home/ubuntu/ros2_ws/build/brobot_slam/prefix_override:/usr/lib/python3/dist-packages/colcon_core/task/python/colcon_distutils_commands:/home/ubuntu/ros2_ws/install/brobot_slam/lib/python3.10/site-packages:${PYTHONPATH} /usr/bin/python3 -W ignore:setup.py install is deprecated -W ignore:easy_install command is deprecated setup.py egg_info --egg-base ../../build/brobot_slam build --build-base /home/ubuntu/ros2_ws/build/brobot_slam/build install --record /home/ubuntu/ros2_ws/build/brobot_slam/install.log --single-version-externally-managed install_data
[4.607s] INFO:colcon.colcon_core.shell:Creating environment hook '/home/ubuntu/ros2_ws/install/brobot_slam/share/brobot_slam/hook/pythonpath.sh'
[4.608s] Level 1:colcon.colcon_core.environment:checking '/home/ubuntu/ros2_ws/install/brobot_slam/bin'
[4.609s] Level 1:colcon.colcon_core.environment:create_environment_scripts_only(brobot_slam)
[4.609s] INFO:colcon.colcon_core.shell:Creating package script '/home/ubuntu/ros2_ws/install/brobot_slam/share/brobot_slam/package.ps1'
[4.610s] INFO:colcon.colcon_core.shell:Creating package descriptor '/home/ubuntu/ros2_ws/install/brobot_slam/share/brobot_slam/package.dsv'
[4.611s] INFO:colcon.colcon_core.shell:Creating package script '/home/ubuntu/ros2_ws/install/brobot_slam/share/brobot_slam/package.sh'
[4.612s] INFO:colcon.colcon_core.shell:Creating package script '/home/ubuntu/ros2_ws/install/brobot_slam/share/brobot_slam/package.bash'
[4.612s] INFO:colcon.colcon_core.shell:Creating package script '/home/ubuntu/ros2_ws/install/brobot_slam/share/brobot_slam/package.zsh'
[4.613s] Level 1:colcon.colcon_core.environment:create_file_with_runtime_dependencies(/home/ubuntu/ros2_ws/install/brobot_slam/share/colcon-core/packages/brobot_slam)
[4.613s] DEBUG:colcon.colcon_parallel_executor.executor.parallel:closing loop
[4.614s] DEBUG:colcon.colcon_parallel_executor.executor.parallel:loop closed
[4.614s] DEBUG:colcon.colcon_parallel_executor.executor.parallel:run_until_complete finished with '0'
[4.614s] DEBUG:colcon.colcon_core.event_reactor:joining thread
[4.636s] INFO:colcon.colcon_core.plugin_system:Skipping extension 'colcon_notification.desktop_notification.terminal_notifier': Not used on non-Darwin systems
[4.636s] INFO:colcon.colcon_core.plugin_system:Skipping extension 'colcon_notification.desktop_notification.win32': Not used on non-Windows systems
[4.636s] INFO:colcon.colcon_notification.desktop_notification:Sending desktop notification using 'notify2'
[4.679s] DEBUG:colcon.colcon_core.event_reactor:joined thread
[4.680s] INFO:colcon.colcon_core.shell:Creating prefix script '/home/ubuntu/ros2_ws/install/local_setup.ps1'
[4.682s] INFO:colcon.colcon_core.shell:Creating prefix util module '/home/ubuntu/ros2_ws/install/_local_setup_util_ps1.py'
[4.685s] INFO:colcon.colcon_core.shell:Creating prefix chain script '/home/ubuntu/ros2_ws/install/setup.ps1'
[4.687s] INFO:colcon.colcon_core.shell:Creating prefix script '/home/ubuntu/ros2_ws/install/local_setup.sh'
[4.688s] INFO:colcon.colcon_core.shell:Creating prefix util module '/home/ubuntu/ros2_ws/install/_local_setup_util_sh.py'
[4.689s] INFO:colcon.colcon_core.shell:Creating prefix chain script '/home/ubuntu/ros2_ws/install/setup.sh'
[4.691s] INFO:colcon.colcon_core.shell:Creating prefix script '/home/ubuntu/ros2_ws/install/local_setup.bash'
[4.692s] INFO:colcon.colcon_core.shell:Creating prefix chain script '/home/ubuntu/ros2_ws/install/setup.bash'
[4.694s] INFO:colcon.colcon_core.shell:Creating prefix script '/home/ubuntu/ros2_ws/install/local_setup.zsh'
[4.700s] INFO:colcon.colcon_core.shell:Creating prefix chain script '/home/ubuntu/ros2_ws/install/setup.zsh'
