[0.171s] DEBUG:colcon:Command line arguments: ['/usr/bin/colcon', 'build']
[0.171s] DEBUG:colcon:Parsed command line arguments: Namespace(log_base=None, log_level=None, verb_name='build', build_base='build', install_base='install', merge_install=False, symlink_install=False, test_result_base=None, continue_on_error=False, executor='parallel', parallel_workers=8, event_handlers=None, ignore_user_meta=False, metas=['./colcon.meta'], base_paths=['.'], packages_ignore=None, packages_ignore_regex=None, paths=None, packages_up_to=None, packages_up_to_regex=None, packages_above=None, packages_above_and_dependencies=None, packages_above_depth=None, packages_select_by_dep=None, packages_skip_by_dep=None, packages_skip_up_to=None, packages_select_build_failed=False, packages_skip_build_finished=False, packages_select_test_failures=False, packages_skip_test_passed=False, packages_select=None, packages_skip=None, packages_select_regex=None, packages_skip_regex=None, packages_start=None, packages_end=None, allow_overriding=[], cmake_args=None, cmake_target=None, cmake_target_skip_unavailable=False, cmake_clean_cache=False, cmake_clean_first=False, cmake_force_configure=False, ament_cmake_args=None, catkin_cmake_args=None, catkin_skip_building_tests=False, mixin_files=None, mixin=None, verb_parser=<colcon_mixin.mixin.mixin_argument.MixinArgumentDecorator object at 0x7e56af756da0>, verb_extension=<colcon_core.verb.build.BuildVerb object at 0x7e56af8d33d0>, main=<bound method BuildVerb.main of <colcon_core.verb.build.BuildVerb object at 0x7e56af8d33d0>>, mixin_verb=('build',))
[0.431s] Level 1:colcon.colcon_core.package_discovery:discover_packages(colcon_meta) check parameters
[0.431s] Level 1:colcon.colcon_core.package_discovery:discover_packages(recursive) check parameters
[0.431s] Level 1:colcon.colcon_core.package_discovery:discover_packages(ignore) check parameters
[0.431s] Level 1:colcon.colcon_core.package_discovery:discover_packages(path) check parameters
[0.431s] Level 1:colcon.colcon_core.package_discovery:discover_packages(colcon_meta) discover
[0.432s] Level 1:colcon.colcon_core.package_discovery:discover_packages(recursive) discover
[0.432s] INFO:colcon.colcon_core.package_discovery:Crawling recursively for packages in '/home/ubuntu/ros2_ws'
[0.432s] Level 1:colcon.colcon_core.package_identification:_identify(.) by extensions ['ignore', 'ignore_ament_install']
[0.432s] Level 1:colcon.colcon_core.package_identification:_identify(.) by extension 'ignore'
[0.432s] Level 1:colcon.colcon_core.package_identification:_identify(.) by extension 'ignore_ament_install'
[0.432s] Level 1:colcon.colcon_core.package_identification:_identify(.) by extensions ['colcon_pkg']
[0.432s] Level 1:colcon.colcon_core.package_identification:_identify(.) by extension 'colcon_pkg'
[0.433s] Level 1:colcon.colcon_core.package_identification:_identify(.) by extensions ['colcon_meta']
[0.433s] Level 1:colcon.colcon_core.package_identification:_identify(.) by extension 'colcon_meta'
[0.433s] Level 1:colcon.colcon_core.package_identification:_identify(.) by extensions ['ros']
[0.433s] Level 1:colcon.colcon_core.package_identification:_identify(.) by extension 'ros'
[0.451s] Level 1:colcon.colcon_core.package_identification:_identify(.) by extensions ['cmake', 'python']
[0.451s] Level 1:colcon.colcon_core.package_identification:_identify(.) by extension 'cmake'
[0.451s] Level 1:colcon.colcon_core.package_identification:_identify(.) by extension 'python'
[0.451s] Level 1:colcon.colcon_core.package_identification:_identify(.) by extensions ['python_setup_py']
[0.451s] Level 1:colcon.colcon_core.package_identification:_identify(.) by extension 'python_setup_py'
[0.451s] Level 1:colcon.colcon_core.package_identification:_identify(build) by extensions ['ignore', 'ignore_ament_install']
[0.452s] Level 1:colcon.colcon_core.package_identification:_identify(build) by extension 'ignore'
[0.452s] Level 1:colcon.colcon_core.package_identification:_identify(build) ignored
[0.452s] Level 1:colcon.colcon_core.package_identification:_identify(install) by extensions ['ignore', 'ignore_ament_install']
[0.452s] Level 1:colcon.colcon_core.package_identification:_identify(install) by extension 'ignore'
[0.452s] Level 1:colcon.colcon_core.package_identification:_identify(install) ignored
[0.452s] Level 1:colcon.colcon_core.package_identification:_identify(log) by extensions ['ignore', 'ignore_ament_install']
[0.452s] Level 1:colcon.colcon_core.package_identification:_identify(log) by extension 'ignore'
[0.453s] Level 1:colcon.colcon_core.package_identification:_identify(log) ignored
[0.453s] Level 1:colcon.colcon_core.package_identification:_identify(src) by extensions ['ignore', 'ignore_ament_install']
[0.453s] Level 1:colcon.colcon_core.package_identification:_identify(src) by extension 'ignore'
[0.453s] Level 1:colcon.colcon_core.package_identification:_identify(src) by extension 'ignore_ament_install'
[0.453s] Level 1:colcon.colcon_core.package_identification:_identify(src) by extensions ['colcon_pkg']
[0.453s] Level 1:colcon.colcon_core.package_identification:_identify(src) by extension 'colcon_pkg'
[0.453s] Level 1:colcon.colcon_core.package_identification:_identify(src) by extensions ['colcon_meta']
[0.453s] Level 1:colcon.colcon_core.package_identification:_identify(src) by extension 'colcon_meta'
[0.453s] Level 1:colcon.colcon_core.package_identification:_identify(src) by extensions ['ros']
[0.453s] Level 1:colcon.colcon_core.package_identification:_identify(src) by extension 'ros'
[0.453s] Level 1:colcon.colcon_core.package_identification:_identify(src) by extensions ['cmake', 'python']
[0.453s] Level 1:colcon.colcon_core.package_identification:_identify(src) by extension 'cmake'
[0.453s] Level 1:colcon.colcon_core.package_identification:_identify(src) by extension 'python'
[0.453s] Level 1:colcon.colcon_core.package_identification:_identify(src) by extensions ['python_setup_py']
[0.453s] Level 1:colcon.colcon_core.package_identification:_identify(src) by extension 'python_setup_py'
[0.454s] Level 1:colcon.colcon_core.package_identification:_identify(src/brobot_odom) by extensions ['ignore', 'ignore_ament_install']
[0.454s] Level 1:colcon.colcon_core.package_identification:_identify(src/brobot_odom) by extension 'ignore'
[0.454s] Level 1:colcon.colcon_core.package_identification:_identify(src/brobot_odom) by extension 'ignore_ament_install'
[0.454s] Level 1:colcon.colcon_core.package_identification:_identify(src/brobot_odom) by extensions ['colcon_pkg']
[0.454s] Level 1:colcon.colcon_core.package_identification:_identify(src/brobot_odom) by extension 'colcon_pkg'
[0.454s] Level 1:colcon.colcon_core.package_identification:_identify(src/brobot_odom) by extensions ['colcon_meta']
[0.454s] Level 1:colcon.colcon_core.package_identification:_identify(src/brobot_odom) by extension 'colcon_meta'
[0.454s] Level 1:colcon.colcon_core.package_identification:_identify(src/brobot_odom) by extensions ['ros']
[0.454s] Level 1:colcon.colcon_core.package_identification:_identify(src/brobot_odom) by extension 'ros'
[0.459s] DEBUG:colcon.colcon_core.package_identification:Package 'src/brobot_odom' with type 'ros.ament_python' and name 'brobot_odom'
[0.460s] Level 1:colcon.colcon_core.package_identification:_identify(src/brobot_slam) by extensions ['ignore', 'ignore_ament_install']
[0.461s] Level 1:colcon.colcon_core.package_identification:_identify(src/brobot_slam) by extension 'ignore'
[0.461s] Level 1:colcon.colcon_core.package_identification:_identify(src/brobot_slam) by extension 'ignore_ament_install'
[0.461s] Level 1:colcon.colcon_core.package_identification:_identify(src/brobot_slam) by extensions ['colcon_pkg']
[0.461s] Level 1:colcon.colcon_core.package_identification:_identify(src/brobot_slam) by extension 'colcon_pkg'
[0.461s] Level 1:colcon.colcon_core.package_identification:_identify(src/brobot_slam) by extensions ['colcon_meta']
[0.461s] Level 1:colcon.colcon_core.package_identification:_identify(src/brobot_slam) by extension 'colcon_meta'
[0.461s] Level 1:colcon.colcon_core.package_identification:_identify(src/brobot_slam) by extensions ['ros']
[0.461s] Level 1:colcon.colcon_core.package_identification:_identify(src/brobot_slam) by extension 'ros'
[0.462s] DEBUG:colcon.colcon_core.package_identification:Package 'src/brobot_slam' with type 'ros.ament_python' and name 'brobot_slam'
[0.462s] Level 1:colcon.colcon_core.package_identification:_identify(src/brobot_tf) by extensions ['ignore', 'ignore_ament_install']
[0.463s] Level 1:colcon.colcon_core.package_identification:_identify(src/brobot_tf) by extension 'ignore'
[0.463s] Level 1:colcon.colcon_core.package_identification:_identify(src/brobot_tf) by extension 'ignore_ament_install'
[0.463s] Level 1:colcon.colcon_core.package_identification:_identify(src/brobot_tf) by extensions ['colcon_pkg']
[0.463s] Level 1:colcon.colcon_core.package_identification:_identify(src/brobot_tf) by extension 'colcon_pkg'
[0.463s] Level 1:colcon.colcon_core.package_identification:_identify(src/brobot_tf) by extensions ['colcon_meta']
[0.463s] Level 1:colcon.colcon_core.package_identification:_identify(src/brobot_tf) by extension 'colcon_meta'
[0.463s] Level 1:colcon.colcon_core.package_identification:_identify(src/brobot_tf) by extensions ['ros']
[0.463s] Level 1:colcon.colcon_core.package_identification:_identify(src/brobot_tf) by extension 'ros'
[0.464s] DEBUG:colcon.colcon_core.package_identification:Package 'src/brobot_tf' with type 'ros.ament_python' and name 'brobot_tf'
[0.464s] Level 1:colcon.colcon_core.package_identification:_identify(src/micro-ROS-Agent) by extensions ['ignore', 'ignore_ament_install']
[0.464s] Level 1:colcon.colcon_core.package_identification:_identify(src/micro-ROS-Agent) by extension 'ignore'
[0.464s] Level 1:colcon.colcon_core.package_identification:_identify(src/micro-ROS-Agent) by extension 'ignore_ament_install'
[0.464s] Level 1:colcon.colcon_core.package_identification:_identify(src/micro-ROS-Agent) by extensions ['colcon_pkg']
[0.465s] Level 1:colcon.colcon_core.package_identification:_identify(src/micro-ROS-Agent) by extension 'colcon_pkg'
[0.465s] Level 1:colcon.colcon_core.package_identification:_identify(src/micro-ROS-Agent) by extensions ['colcon_meta']
[0.465s] Level 1:colcon.colcon_core.package_identification:_identify(src/micro-ROS-Agent) by extension 'colcon_meta'
[0.465s] Level 1:colcon.colcon_core.package_identification:_identify(src/micro-ROS-Agent) by extensions ['ros']
[0.465s] Level 1:colcon.colcon_core.package_identification:_identify(src/micro-ROS-Agent) by extension 'ros'
[0.465s] Level 1:colcon.colcon_core.package_identification:_identify(src/micro-ROS-Agent) by extensions ['cmake', 'python']
[0.465s] Level 1:colcon.colcon_core.package_identification:_identify(src/micro-ROS-Agent) by extension 'cmake'
[0.465s] Level 1:colcon.colcon_core.package_identification:_identify(src/micro-ROS-Agent) by extension 'python'
[0.465s] Level 1:colcon.colcon_core.package_identification:_identify(src/micro-ROS-Agent) by extensions ['python_setup_py']
[0.465s] Level 1:colcon.colcon_core.package_identification:_identify(src/micro-ROS-Agent) by extension 'python_setup_py'
[0.465s] Level 1:colcon.colcon_core.package_identification:_identify(src/micro-ROS-Agent/micro_ros_agent) by extensions ['ignore', 'ignore_ament_install']
[0.465s] Level 1:colcon.colcon_core.package_identification:_identify(src/micro-ROS-Agent/micro_ros_agent) by extension 'ignore'
[0.465s] Level 1:colcon.colcon_core.package_identification:_identify(src/micro-ROS-Agent/micro_ros_agent) by extension 'ignore_ament_install'
[0.465s] Level 1:colcon.colcon_core.package_identification:_identify(src/micro-ROS-Agent/micro_ros_agent) by extensions ['colcon_pkg']
[0.466s] Level 1:colcon.colcon_core.package_identification:_identify(src/micro-ROS-Agent/micro_ros_agent) by extension 'colcon_pkg'
[0.466s] Level 1:colcon.colcon_core.package_identification:_identify(src/micro-ROS-Agent/micro_ros_agent) by extensions ['colcon_meta']
[0.466s] Level 1:colcon.colcon_core.package_identification:_identify(src/micro-ROS-Agent/micro_ros_agent) by extension 'colcon_meta'
[0.466s] Level 1:colcon.colcon_core.package_identification:_identify(src/micro-ROS-Agent/micro_ros_agent) by extensions ['ros']
[0.466s] Level 1:colcon.colcon_core.package_identification:_identify(src/micro-ROS-Agent/micro_ros_agent) by extension 'ros'
[0.467s] DEBUG:colcon.colcon_core.package_identification:Package 'src/micro-ROS-Agent/micro_ros_agent' with type 'ros.ament_cmake' and name 'micro_ros_agent'
[0.467s] Level 1:colcon.colcon_core.package_identification:_identify(src/micro-ROS-Agent/snap) by extensions ['ignore', 'ignore_ament_install']
[0.468s] Level 1:colcon.colcon_core.package_identification:_identify(src/micro-ROS-Agent/snap) by extension 'ignore'
[0.468s] Level 1:colcon.colcon_core.package_identification:_identify(src/micro-ROS-Agent/snap) by extension 'ignore_ament_install'
[0.468s] Level 1:colcon.colcon_core.package_identification:_identify(src/micro-ROS-Agent/snap) by extensions ['colcon_pkg']
[0.468s] Level 1:colcon.colcon_core.package_identification:_identify(src/micro-ROS-Agent/snap) by extension 'colcon_pkg'
[0.468s] Level 1:colcon.colcon_core.package_identification:_identify(src/micro-ROS-Agent/snap) by extensions ['colcon_meta']
[0.468s] Level 1:colcon.colcon_core.package_identification:_identify(src/micro-ROS-Agent/snap) by extension 'colcon_meta'
[0.468s] Level 1:colcon.colcon_core.package_identification:_identify(src/micro-ROS-Agent/snap) by extensions ['ros']
[0.468s] Level 1:colcon.colcon_core.package_identification:_identify(src/micro-ROS-Agent/snap) by extension 'ros'
[0.468s] Level 1:colcon.colcon_core.package_identification:_identify(src/micro-ROS-Agent/snap) by extensions ['cmake', 'python']
[0.468s] Level 1:colcon.colcon_core.package_identification:_identify(src/micro-ROS-Agent/snap) by extension 'cmake'
[0.469s] Level 1:colcon.colcon_core.package_identification:_identify(src/micro-ROS-Agent/snap) by extension 'python'
[0.469s] Level 1:colcon.colcon_core.package_identification:_identify(src/micro-ROS-Agent/snap) by extensions ['python_setup_py']
[0.469s] Level 1:colcon.colcon_core.package_identification:_identify(src/micro-ROS-Agent/snap) by extension 'python_setup_py'
[0.469s] Level 1:colcon.colcon_core.package_identification:_identify(src/micro-ROS-Agent/snap/hooks) by extensions ['ignore', 'ignore_ament_install']
[0.469s] Level 1:colcon.colcon_core.package_identification:_identify(src/micro-ROS-Agent/snap/hooks) by extension 'ignore'
[0.469s] Level 1:colcon.colcon_core.package_identification:_identify(src/micro-ROS-Agent/snap/hooks) by extension 'ignore_ament_install'
[0.469s] Level 1:colcon.colcon_core.package_identification:_identify(src/micro-ROS-Agent/snap/hooks) by extensions ['colcon_pkg']
[0.469s] Level 1:colcon.colcon_core.package_identification:_identify(src/micro-ROS-Agent/snap/hooks) by extension 'colcon_pkg'
[0.469s] Level 1:colcon.colcon_core.package_identification:_identify(src/micro-ROS-Agent/snap/hooks) by extensions ['colcon_meta']
[0.469s] Level 1:colcon.colcon_core.package_identification:_identify(src/micro-ROS-Agent/snap/hooks) by extension 'colcon_meta'
[0.469s] Level 1:colcon.colcon_core.package_identification:_identify(src/micro-ROS-Agent/snap/hooks) by extensions ['ros']
[0.469s] Level 1:colcon.colcon_core.package_identification:_identify(src/micro-ROS-Agent/snap/hooks) by extension 'ros'
[0.470s] Level 1:colcon.colcon_core.package_identification:_identify(src/micro-ROS-Agent/snap/hooks) by extensions ['cmake', 'python']
[0.470s] Level 1:colcon.colcon_core.package_identification:_identify(src/micro-ROS-Agent/snap/hooks) by extension 'cmake'
[0.470s] Level 1:colcon.colcon_core.package_identification:_identify(src/micro-ROS-Agent/snap/hooks) by extension 'python'
[0.470s] Level 1:colcon.colcon_core.package_identification:_identify(src/micro-ROS-Agent/snap/hooks) by extensions ['python_setup_py']
[0.470s] Level 1:colcon.colcon_core.package_identification:_identify(src/micro-ROS-Agent/snap/hooks) by extension 'python_setup_py'
[0.470s] Level 1:colcon.colcon_core.package_identification:_identify(src/micro-ROS-Agent/snap/local) by extensions ['ignore', 'ignore_ament_install']
[0.470s] Level 1:colcon.colcon_core.package_identification:_identify(src/micro-ROS-Agent/snap/local) by extension 'ignore'
[0.470s] Level 1:colcon.colcon_core.package_identification:_identify(src/micro-ROS-Agent/snap/local) by extension 'ignore_ament_install'
[0.471s] Level 1:colcon.colcon_core.package_identification:_identify(src/micro-ROS-Agent/snap/local) by extensions ['colcon_pkg']
[0.471s] Level 1:colcon.colcon_core.package_identification:_identify(src/micro-ROS-Agent/snap/local) by extension 'colcon_pkg'
[0.471s] Level 1:colcon.colcon_core.package_identification:_identify(src/micro-ROS-Agent/snap/local) by extensions ['colcon_meta']
[0.471s] Level 1:colcon.colcon_core.package_identification:_identify(src/micro-ROS-Agent/snap/local) by extension 'colcon_meta'
[0.471s] Level 1:colcon.colcon_core.package_identification:_identify(src/micro-ROS-Agent/snap/local) by extensions ['ros']
[0.471s] Level 1:colcon.colcon_core.package_identification:_identify(src/micro-ROS-Agent/snap/local) by extension 'ros'
[0.471s] Level 1:colcon.colcon_core.package_identification:_identify(src/micro-ROS-Agent/snap/local) by extensions ['cmake', 'python']
[0.471s] Level 1:colcon.colcon_core.package_identification:_identify(src/micro-ROS-Agent/snap/local) by extension 'cmake'
[0.471s] Level 1:colcon.colcon_core.package_identification:_identify(src/micro-ROS-Agent/snap/local) by extension 'python'
[0.471s] Level 1:colcon.colcon_core.package_identification:_identify(src/micro-ROS-Agent/snap/local) by extensions ['python_setup_py']
[0.471s] Level 1:colcon.colcon_core.package_identification:_identify(src/micro-ROS-Agent/snap/local) by extension 'python_setup_py'
[0.471s] Level 1:colcon.colcon_core.package_discovery:discover_packages(recursive) using defaults
[0.472s] Level 1:colcon.colcon_core.package_discovery:discover_packages(ignore) discover
[0.472s] Level 1:colcon.colcon_core.package_discovery:discover_packages(ignore) using defaults
[0.472s] Level 1:colcon.colcon_core.package_discovery:discover_packages(path) discover
[0.472s] Level 1:colcon.colcon_core.package_discovery:discover_packages(path) using defaults
[0.518s] Level 1:colcon.colcon_core.package_discovery:discover_packages(prefix_path) check parameters
[0.518s] Level 1:colcon.colcon_core.package_discovery:discover_packages(prefix_path) discover
[0.521s] DEBUG:colcon.colcon_installed_package_information.package_discovery:Found 8 installed packages in /home/ubuntu/ros2_ws/install
[0.523s] DEBUG:colcon.colcon_installed_package_information.package_discovery:Found 283 installed packages in /opt/ros/humble
[0.525s] Level 1:colcon.colcon_core.package_discovery:discover_packages(prefix_path) using defaults
[0.583s] Level 5:colcon.colcon_core.verb:set package 'brobot_odom' build argument 'cmake_args' from command line to 'None'
[0.583s] Level 5:colcon.colcon_core.verb:set package 'brobot_odom' build argument 'cmake_target' from command line to 'None'
[0.583s] Level 5:colcon.colcon_core.verb:set package 'brobot_odom' build argument 'cmake_target_skip_unavailable' from command line to 'False'
[0.583s] Level 5:colcon.colcon_core.verb:set package 'brobot_odom' build argument 'cmake_clean_cache' from command line to 'False'
[0.583s] Level 5:colcon.colcon_core.verb:set package 'brobot_odom' build argument 'cmake_clean_first' from command line to 'False'
[0.583s] Level 5:colcon.colcon_core.verb:set package 'brobot_odom' build argument 'cmake_force_configure' from command line to 'False'
[0.583s] Level 5:colcon.colcon_core.verb:set package 'brobot_odom' build argument 'ament_cmake_args' from command line to 'None'
[0.584s] Level 5:colcon.colcon_core.verb:set package 'brobot_odom' build argument 'catkin_cmake_args' from command line to 'None'
[0.584s] Level 5:colcon.colcon_core.verb:set package 'brobot_odom' build argument 'catkin_skip_building_tests' from command line to 'False'
[0.584s] DEBUG:colcon.colcon_core.verb:Building package 'brobot_odom' with the following arguments: {'ament_cmake_args': None, 'build_base': '/home/ubuntu/ros2_ws/build/brobot_odom', 'catkin_cmake_args': None, 'catkin_skip_building_tests': False, 'cmake_args': None, 'cmake_clean_cache': False, 'cmake_clean_first': False, 'cmake_force_configure': False, 'cmake_target': None, 'cmake_target_skip_unavailable': False, 'install_base': '/home/ubuntu/ros2_ws/install/brobot_odom', 'merge_install': False, 'path': '/home/ubuntu/ros2_ws/src/brobot_odom', 'symlink_install': False, 'test_result_base': None}
[0.584s] Level 5:colcon.colcon_core.verb:set package 'brobot_slam' build argument 'cmake_args' from command line to 'None'
[0.584s] Level 5:colcon.colcon_core.verb:set package 'brobot_slam' build argument 'cmake_target' from command line to 'None'
[0.585s] Level 5:colcon.colcon_core.verb:set package 'brobot_slam' build argument 'cmake_target_skip_unavailable' from command line to 'False'
[0.585s] Level 5:colcon.colcon_core.verb:set package 'brobot_slam' build argument 'cmake_clean_cache' from command line to 'False'
[0.585s] Level 5:colcon.colcon_core.verb:set package 'brobot_slam' build argument 'cmake_clean_first' from command line to 'False'
[0.585s] Level 5:colcon.colcon_core.verb:set package 'brobot_slam' build argument 'cmake_force_configure' from command line to 'False'
[0.585s] Level 5:colcon.colcon_core.verb:set package 'brobot_slam' build argument 'ament_cmake_args' from command line to 'None'
[0.585s] Level 5:colcon.colcon_core.verb:set package 'brobot_slam' build argument 'catkin_cmake_args' from command line to 'None'
[0.585s] Level 5:colcon.colcon_core.verb:set package 'brobot_slam' build argument 'catkin_skip_building_tests' from command line to 'False'
[0.585s] DEBUG:colcon.colcon_core.verb:Building package 'brobot_slam' with the following arguments: {'ament_cmake_args': None, 'build_base': '/home/ubuntu/ros2_ws/build/brobot_slam', 'catkin_cmake_args': None, 'catkin_skip_building_tests': False, 'cmake_args': None, 'cmake_clean_cache': False, 'cmake_clean_first': False, 'cmake_force_configure': False, 'cmake_target': None, 'cmake_target_skip_unavailable': False, 'install_base': '/home/ubuntu/ros2_ws/install/brobot_slam', 'merge_install': False, 'path': '/home/ubuntu/ros2_ws/src/brobot_slam', 'symlink_install': False, 'test_result_base': None}
[0.586s] Level 5:colcon.colcon_core.verb:set package 'brobot_tf' build argument 'cmake_args' from command line to 'None'
[0.586s] Level 5:colcon.colcon_core.verb:set package 'brobot_tf' build argument 'cmake_target' from command line to 'None'
[0.586s] Level 5:colcon.colcon_core.verb:set package 'brobot_tf' build argument 'cmake_target_skip_unavailable' from command line to 'False'
[0.586s] Level 5:colcon.colcon_core.verb:set package 'brobot_tf' build argument 'cmake_clean_cache' from command line to 'False'
[0.586s] Level 5:colcon.colcon_core.verb:set package 'brobot_tf' build argument 'cmake_clean_first' from command line to 'False'
[0.586s] Level 5:colcon.colcon_core.verb:set package 'brobot_tf' build argument 'cmake_force_configure' from command line to 'False'
[0.586s] Level 5:colcon.colcon_core.verb:set package 'brobot_tf' build argument 'ament_cmake_args' from command line to 'None'
[0.586s] Level 5:colcon.colcon_core.verb:set package 'brobot_tf' build argument 'catkin_cmake_args' from command line to 'None'
[0.586s] Level 5:colcon.colcon_core.verb:set package 'brobot_tf' build argument 'catkin_skip_building_tests' from command line to 'False'
[0.586s] DEBUG:colcon.colcon_core.verb:Building package 'brobot_tf' with the following arguments: {'ament_cmake_args': None, 'build_base': '/home/ubuntu/ros2_ws/build/brobot_tf', 'catkin_cmake_args': None, 'catkin_skip_building_tests': False, 'cmake_args': None, 'cmake_clean_cache': False, 'cmake_clean_first': False, 'cmake_force_configure': False, 'cmake_target': None, 'cmake_target_skip_unavailable': False, 'install_base': '/home/ubuntu/ros2_ws/install/brobot_tf', 'merge_install': False, 'path': '/home/ubuntu/ros2_ws/src/brobot_tf', 'symlink_install': False, 'test_result_base': None}
[0.586s] Level 5:colcon.colcon_core.verb:set package 'micro_ros_agent' build argument 'cmake_args' from command line to 'None'
[0.586s] Level 5:colcon.colcon_core.verb:set package 'micro_ros_agent' build argument 'cmake_target' from command line to 'None'
[0.587s] Level 5:colcon.colcon_core.verb:set package 'micro_ros_agent' build argument 'cmake_target_skip_unavailable' from command line to 'False'
[0.587s] Level 5:colcon.colcon_core.verb:set package 'micro_ros_agent' build argument 'cmake_clean_cache' from command line to 'False'
[0.587s] Level 5:colcon.colcon_core.verb:set package 'micro_ros_agent' build argument 'cmake_clean_first' from command line to 'False'
[0.587s] Level 5:colcon.colcon_core.verb:set package 'micro_ros_agent' build argument 'cmake_force_configure' from command line to 'False'
[0.587s] Level 5:colcon.colcon_core.verb:set package 'micro_ros_agent' build argument 'ament_cmake_args' from command line to 'None'
[0.587s] Level 5:colcon.colcon_core.verb:set package 'micro_ros_agent' build argument 'catkin_cmake_args' from command line to 'None'
[0.587s] Level 5:colcon.colcon_core.verb:set package 'micro_ros_agent' build argument 'catkin_skip_building_tests' from command line to 'False'
[0.587s] DEBUG:colcon.colcon_core.verb:Building package 'micro_ros_agent' with the following arguments: {'ament_cmake_args': None, 'build_base': '/home/ubuntu/ros2_ws/build/micro_ros_agent', 'catkin_cmake_args': None, 'catkin_skip_building_tests': False, 'cmake_args': None, 'cmake_clean_cache': False, 'cmake_clean_first': False, 'cmake_force_configure': False, 'cmake_target': None, 'cmake_target_skip_unavailable': False, 'install_base': '/home/ubuntu/ros2_ws/install/micro_ros_agent', 'merge_install': False, 'path': '/home/ubuntu/ros2_ws/src/micro-ROS-Agent/micro_ros_agent', 'symlink_install': False, 'test_result_base': None}
[0.587s] INFO:colcon.colcon_core.executor:Executing jobs using 'parallel' executor
[0.589s] DEBUG:colcon.colcon_parallel_executor.executor.parallel:run_until_complete
[0.589s] INFO:colcon.colcon_ros.task.ament_python.build:Building ROS package in '/home/ubuntu/ros2_ws/src/brobot_odom' with build type 'ament_python'
[0.590s] Level 1:colcon.colcon_core.shell:create_environment_hook('brobot_odom', 'ament_prefix_path')
[0.593s] INFO:colcon.colcon_core.plugin_system:Skipping extension 'colcon_core.shell.bat': Not used on non-Windows systems
[0.593s] INFO:colcon.colcon_core.shell:Creating environment hook '/home/ubuntu/ros2_ws/install/brobot_odom/share/brobot_odom/hook/ament_prefix_path.ps1'
[0.594s] INFO:colcon.colcon_core.shell:Creating environment descriptor '/home/ubuntu/ros2_ws/install/brobot_odom/share/brobot_odom/hook/ament_prefix_path.dsv'
[0.595s] INFO:colcon.colcon_core.shell:Creating environment hook '/home/ubuntu/ros2_ws/install/brobot_odom/share/brobot_odom/hook/ament_prefix_path.sh'
[0.596s] INFO:colcon.colcon_core.shell:Skip shell extension 'powershell' for command environment: Not usable outside of PowerShell
[0.596s] DEBUG:colcon.colcon_core.shell:Skip shell extension 'dsv' for command environment
[0.605s] INFO:colcon.colcon_ros.task.ament_python.build:Building ROS package in '/home/ubuntu/ros2_ws/src/brobot_slam' with build type 'ament_python'
[0.606s] Level 1:colcon.colcon_core.shell:create_environment_hook('brobot_slam', 'ament_prefix_path')
[0.606s] INFO:colcon.colcon_core.shell:Creating environment hook '/home/ubuntu/ros2_ws/install/brobot_slam/share/brobot_slam/hook/ament_prefix_path.ps1'
[0.608s] INFO:colcon.colcon_core.shell:Creating environment descriptor '/home/ubuntu/ros2_ws/install/brobot_slam/share/brobot_slam/hook/ament_prefix_path.dsv'
[0.608s] INFO:colcon.colcon_core.shell:Creating environment hook '/home/ubuntu/ros2_ws/install/brobot_slam/share/brobot_slam/hook/ament_prefix_path.sh'
[0.610s] INFO:colcon.colcon_core.shell:Skip shell extension 'powershell' for command environment: Not usable outside of PowerShell
[0.610s] DEBUG:colcon.colcon_core.shell:Skip shell extension 'dsv' for command environment
[0.615s] INFO:colcon.colcon_ros.task.ament_python.build:Building ROS package in '/home/ubuntu/ros2_ws/src/brobot_tf' with build type 'ament_python'
[0.615s] Level 1:colcon.colcon_core.shell:create_environment_hook('brobot_tf', 'ament_prefix_path')
[0.616s] INFO:colcon.colcon_core.shell:Creating environment hook '/home/ubuntu/ros2_ws/install/brobot_tf/share/brobot_tf/hook/ament_prefix_path.ps1'
[0.617s] INFO:colcon.colcon_core.shell:Creating environment descriptor '/home/ubuntu/ros2_ws/install/brobot_tf/share/brobot_tf/hook/ament_prefix_path.dsv'
[0.617s] INFO:colcon.colcon_core.shell:Creating environment hook '/home/ubuntu/ros2_ws/install/brobot_tf/share/brobot_tf/hook/ament_prefix_path.sh'
[0.618s] INFO:colcon.colcon_core.shell:Skip shell extension 'powershell' for command environment: Not usable outside of PowerShell
[0.618s] DEBUG:colcon.colcon_core.shell:Skip shell extension 'dsv' for command environment
[0.623s] INFO:colcon.colcon_ros.task.ament_cmake.build:Building ROS package in '/home/ubuntu/ros2_ws/src/micro-ROS-Agent/micro_ros_agent' with build type 'ament_cmake'
[0.624s] INFO:colcon.colcon_cmake.task.cmake.build:Building CMake package in '/home/ubuntu/ros2_ws/src/micro-ROS-Agent/micro_ros_agent'
[0.624s] INFO:colcon.colcon_core.shell:Skip shell extension 'powershell' for command environment: Not usable outside of PowerShell
[0.624s] DEBUG:colcon.colcon_core.shell:Skip shell extension 'dsv' for command environment
[1.062s] WARNING:colcon.colcon_ros.task.ament_python.build:Package 'brobot_odom' doesn't explicitly install a marker in the package index (colcon-ros currently does it implicitly but that fallback will be removed in the future)
[1.062s] INFO:colcon.colcon_core.task.python.build:Building Python package in '/home/ubuntu/ros2_ws/src/brobot_odom'
[1.063s] INFO:colcon.colcon_core.shell:Skip shell extension 'powershell' for command environment: Not usable outside of PowerShell
[1.063s] DEBUG:colcon.colcon_core.shell:Skip shell extension 'dsv' for command environment
[1.492s] WARNING:colcon.colcon_ros.task.ament_python.build:Package 'brobot_slam' doesn't explicitly install a marker in the package index (colcon-ros currently does it implicitly but that fallback will be removed in the future)
[1.493s] INFO:colcon.colcon_core.task.python.build:Building Python package in '/home/ubuntu/ros2_ws/src/brobot_slam'
[1.493s] INFO:colcon.colcon_core.shell:Skip shell extension 'powershell' for command environment: Not usable outside of PowerShell
[1.493s] DEBUG:colcon.colcon_core.shell:Skip shell extension 'dsv' for command environment
[1.927s] WARNING:colcon.colcon_ros.task.ament_python.build:Package 'brobot_tf' doesn't explicitly install a marker in the package index (colcon-ros currently does it implicitly but that fallback will be removed in the future)
[1.927s] INFO:colcon.colcon_core.task.python.build:Building Python package in '/home/ubuntu/ros2_ws/src/brobot_tf'
[1.927s] INFO:colcon.colcon_core.shell:Skip shell extension 'powershell' for command environment: Not usable outside of PowerShell
[1.927s] DEBUG:colcon.colcon_core.shell:Skip shell extension 'dsv' for command environment
[1.942s] DEBUG:colcon.colcon_core.event_handler.log_command:Invoking command in '/home/ubuntu/ros2_ws/build/micro_ros_agent': CMAKE_PREFIX_PATH=${CMAKE_PREFIX_PATH}:/home/ubuntu/ros2_ws/install/tf_tutorial:/home/ubuntu/ros2_ws/install/test_package:/home/ubuntu/ros2_ws/install/odom:/home/ubuntu/ros2_ws/install/brobot_tf:/home/ubuntu/ros2_ws/install/brobot_odom:/opt/ros/humble /usr/bin/cmake --build /home/ubuntu/ros2_ws/build/micro_ros_agent -- -j8 -l8
[2.081s] DEBUG:colcon.colcon_core.event_handler.log_command:Invoked command in '/home/ubuntu/ros2_ws/build/micro_ros_agent' returned '0': CMAKE_PREFIX_PATH=${CMAKE_PREFIX_PATH}:/home/ubuntu/ros2_ws/install/tf_tutorial:/home/ubuntu/ros2_ws/install/test_package:/home/ubuntu/ros2_ws/install/odom:/home/ubuntu/ros2_ws/install/brobot_tf:/home/ubuntu/ros2_ws/install/brobot_odom:/opt/ros/humble /usr/bin/cmake --build /home/ubuntu/ros2_ws/build/micro_ros_agent -- -j8 -l8
[2.099s] DEBUG:colcon.colcon_core.event_handler.log_command:Invoking command in '/home/ubuntu/ros2_ws/build/micro_ros_agent': CMAKE_PREFIX_PATH=${CMAKE_PREFIX_PATH}:/home/ubuntu/ros2_ws/install/tf_tutorial:/home/ubuntu/ros2_ws/install/test_package:/home/ubuntu/ros2_ws/install/odom:/home/ubuntu/ros2_ws/install/brobot_tf:/home/ubuntu/ros2_ws/install/brobot_odom:/opt/ros/humble /usr/bin/cmake --install /home/ubuntu/ros2_ws/build/micro_ros_agent
[2.118s] Level 1:colcon.colcon_core.environment:create_environment_scripts_only(micro_ros_agent)
[2.121s] DEBUG:colcon.colcon_core.event_handler.log_command:Invoked command in '/home/ubuntu/ros2_ws/build/micro_ros_agent' returned '0': CMAKE_PREFIX_PATH=${CMAKE_PREFIX_PATH}:/home/ubuntu/ros2_ws/install/tf_tutorial:/home/ubuntu/ros2_ws/install/test_package:/home/ubuntu/ros2_ws/install/odom:/home/ubuntu/ros2_ws/install/brobot_tf:/home/ubuntu/ros2_ws/install/brobot_odom:/opt/ros/humble /usr/bin/cmake --install /home/ubuntu/ros2_ws/build/micro_ros_agent
[2.124s] Level 1:colcon.colcon_core.environment:checking '/home/ubuntu/ros2_ws/install/micro_ros_agent' for CMake module files
[2.125s] Level 1:colcon.colcon_core.environment:checking '/home/ubuntu/ros2_ws/install/micro_ros_agent' for CMake config files
[2.126s] Level 1:colcon.colcon_core.shell:create_environment_hook('micro_ros_agent', 'cmake_prefix_path')
[2.127s] INFO:colcon.colcon_core.shell:Creating environment hook '/home/ubuntu/ros2_ws/install/micro_ros_agent/share/micro_ros_agent/hook/cmake_prefix_path.ps1'
[2.129s] INFO:colcon.colcon_core.shell:Creating environment descriptor '/home/ubuntu/ros2_ws/install/micro_ros_agent/share/micro_ros_agent/hook/cmake_prefix_path.dsv'
[2.130s] INFO:colcon.colcon_core.shell:Creating environment hook '/home/ubuntu/ros2_ws/install/micro_ros_agent/share/micro_ros_agent/hook/cmake_prefix_path.sh'
[2.131s] Level 1:colcon.colcon_core.environment:checking '/home/ubuntu/ros2_ws/install/micro_ros_agent/lib'
[2.131s] Level 1:colcon.colcon_core.shell:create_environment_hook('micro_ros_agent', 'ld_library_path_lib')
[2.132s] INFO:colcon.colcon_core.shell:Creating environment hook '/home/ubuntu/ros2_ws/install/micro_ros_agent/share/micro_ros_agent/hook/ld_library_path_lib.ps1'
[2.133s] INFO:colcon.colcon_core.shell:Creating environment descriptor '/home/ubuntu/ros2_ws/install/micro_ros_agent/share/micro_ros_agent/hook/ld_library_path_lib.dsv'
[2.133s] INFO:colcon.colcon_core.shell:Creating environment hook '/home/ubuntu/ros2_ws/install/micro_ros_agent/share/micro_ros_agent/hook/ld_library_path_lib.sh'
[2.134s] Level 1:colcon.colcon_core.environment:checking '/home/ubuntu/ros2_ws/install/micro_ros_agent/bin'
[2.134s] Level 1:colcon.colcon_core.environment:checking '/home/ubuntu/ros2_ws/install/micro_ros_agent/lib/pkgconfig/micro_ros_agent.pc'
[2.135s] Level 1:colcon.colcon_core.environment:checking '/home/ubuntu/ros2_ws/install/micro_ros_agent/lib/python3.10/site-packages'
[2.135s] Level 1:colcon.colcon_core.environment:checking '/home/ubuntu/ros2_ws/install/micro_ros_agent/bin'
[2.135s] INFO:colcon.colcon_core.shell:Creating package script '/home/ubuntu/ros2_ws/install/micro_ros_agent/share/micro_ros_agent/package.ps1'
[2.138s] INFO:colcon.colcon_core.shell:Creating package descriptor '/home/ubuntu/ros2_ws/install/micro_ros_agent/share/micro_ros_agent/package.dsv'
[2.138s] INFO:colcon.colcon_core.shell:Creating package script '/home/ubuntu/ros2_ws/install/micro_ros_agent/share/micro_ros_agent/package.sh'
[2.140s] INFO:colcon.colcon_core.shell:Creating package script '/home/ubuntu/ros2_ws/install/micro_ros_agent/share/micro_ros_agent/package.bash'
[2.141s] INFO:colcon.colcon_core.shell:Creating package script '/home/ubuntu/ros2_ws/install/micro_ros_agent/share/micro_ros_agent/package.zsh'
[2.143s] Level 1:colcon.colcon_core.environment:create_file_with_runtime_dependencies(/home/ubuntu/ros2_ws/install/micro_ros_agent/share/colcon-core/packages/micro_ros_agent)
[2.144s] Level 1:colcon.colcon_core.environment:create_environment_scripts_only(micro_ros_agent)
[2.145s] Level 1:colcon.colcon_core.environment:checking '/home/ubuntu/ros2_ws/install/micro_ros_agent' for CMake module files
[2.146s] Level 1:colcon.colcon_core.environment:checking '/home/ubuntu/ros2_ws/install/micro_ros_agent' for CMake config files
[2.148s] Level 1:colcon.colcon_core.shell:create_environment_hook('micro_ros_agent', 'cmake_prefix_path')
[2.148s] INFO:colcon.colcon_core.shell:Creating environment hook '/home/ubuntu/ros2_ws/install/micro_ros_agent/share/micro_ros_agent/hook/cmake_prefix_path.ps1'
[2.149s] INFO:colcon.colcon_core.shell:Creating environment descriptor '/home/ubuntu/ros2_ws/install/micro_ros_agent/share/micro_ros_agent/hook/cmake_prefix_path.dsv'
[2.150s] INFO:colcon.colcon_core.shell:Creating environment hook '/home/ubuntu/ros2_ws/install/micro_ros_agent/share/micro_ros_agent/hook/cmake_prefix_path.sh'
[2.151s] Level 1:colcon.colcon_core.environment:checking '/home/ubuntu/ros2_ws/install/micro_ros_agent/lib'
[2.151s] Level 1:colcon.colcon_core.shell:create_environment_hook('micro_ros_agent', 'ld_library_path_lib')
[2.151s] INFO:colcon.colcon_core.shell:Creating environment hook '/home/ubuntu/ros2_ws/install/micro_ros_agent/share/micro_ros_agent/hook/ld_library_path_lib.ps1'
[2.152s] INFO:colcon.colcon_core.shell:Creating environment descriptor '/home/ubuntu/ros2_ws/install/micro_ros_agent/share/micro_ros_agent/hook/ld_library_path_lib.dsv'
[2.152s] INFO:colcon.colcon_core.shell:Creating environment hook '/home/ubuntu/ros2_ws/install/micro_ros_agent/share/micro_ros_agent/hook/ld_library_path_lib.sh'
[2.153s] Level 1:colcon.colcon_core.environment:checking '/home/ubuntu/ros2_ws/install/micro_ros_agent/bin'
[2.153s] Level 1:colcon.colcon_core.environment:checking '/home/ubuntu/ros2_ws/install/micro_ros_agent/lib/pkgconfig/micro_ros_agent.pc'
[2.153s] Level 1:colcon.colcon_core.environment:checking '/home/ubuntu/ros2_ws/install/micro_ros_agent/lib/python3.10/site-packages'
[2.154s] Level 1:colcon.colcon_core.environment:checking '/home/ubuntu/ros2_ws/install/micro_ros_agent/bin'
[2.154s] INFO:colcon.colcon_core.shell:Creating package script '/home/ubuntu/ros2_ws/install/micro_ros_agent/share/micro_ros_agent/package.ps1'
[2.155s] INFO:colcon.colcon_core.shell:Creating package descriptor '/home/ubuntu/ros2_ws/install/micro_ros_agent/share/micro_ros_agent/package.dsv'
[2.156s] INFO:colcon.colcon_core.shell:Creating package script '/home/ubuntu/ros2_ws/install/micro_ros_agent/share/micro_ros_agent/package.sh'
[2.157s] INFO:colcon.colcon_core.shell:Creating package script '/home/ubuntu/ros2_ws/install/micro_ros_agent/share/micro_ros_agent/package.bash'
[2.158s] INFO:colcon.colcon_core.shell:Creating package script '/home/ubuntu/ros2_ws/install/micro_ros_agent/share/micro_ros_agent/package.zsh'
[2.158s] Level 1:colcon.colcon_core.environment:create_file_with_runtime_dependencies(/home/ubuntu/ros2_ws/install/micro_ros_agent/share/colcon-core/packages/micro_ros_agent)
[2.542s] DEBUG:colcon.colcon_core.event_handler.log_command:Invoking command in '/home/ubuntu/ros2_ws/src/brobot_tf': PYTHONPATH=/home/ubuntu/ros2_ws/build/brobot_tf/prefix_override:/usr/lib/python3/dist-packages/colcon_core/task/python/colcon_distutils_commands:/home/ubuntu/ros2_ws/install/brobot_tf/lib/python3.10/site-packages:${PYTHONPATH} /usr/bin/python3 -W ignore:setup.py install is deprecated -W ignore:easy_install command is deprecated setup.py egg_info --egg-base ../../build/brobot_tf build --build-base /home/ubuntu/ros2_ws/build/brobot_tf/build install --record /home/ubuntu/ros2_ws/build/brobot_tf/install.log --single-version-externally-managed install_data
[2.549s] DEBUG:colcon.colcon_core.event_handler.log_command:Invoking command in '/home/ubuntu/ros2_ws/src/brobot_slam': PYTHONPATH=/home/ubuntu/ros2_ws/build/brobot_slam/prefix_override:/usr/lib/python3/dist-packages/colcon_core/task/python/colcon_distutils_commands:/home/ubuntu/ros2_ws/install/brobot_slam/lib/python3.10/site-packages:${PYTHONPATH} /usr/bin/python3 -W ignore:setup.py install is deprecated -W ignore:easy_install command is deprecated setup.py egg_info --egg-base ../../build/brobot_slam build --build-base /home/ubuntu/ros2_ws/build/brobot_slam/build install --record /home/ubuntu/ros2_ws/build/brobot_slam/install.log --single-version-externally-managed install_data
[2.570s] DEBUG:colcon.colcon_core.event_handler.log_command:Invoking command in '/home/ubuntu/ros2_ws/src/brobot_odom': PYTHONPATH=/home/ubuntu/ros2_ws/build/brobot_odom/prefix_override:/usr/lib/python3/dist-packages/colcon_core/task/python/colcon_distutils_commands:/home/ubuntu/ros2_ws/install/brobot_odom/lib/python3.10/site-packages:${PYTHONPATH} /usr/bin/python3 -W ignore:setup.py install is deprecated -W ignore:easy_install command is deprecated setup.py egg_info --egg-base ../../build/brobot_odom build --build-base /home/ubuntu/ros2_ws/build/brobot_odom/build install --record /home/ubuntu/ros2_ws/build/brobot_odom/install.log --single-version-externally-managed install_data
[3.069s] Level 1:colcon.colcon_core.environment:checking '/home/ubuntu/ros2_ws/install/brobot_tf' for CMake module files
[3.070s] DEBUG:colcon.colcon_core.event_handler.log_command:Invoked command in '/home/ubuntu/ros2_ws/src/brobot_tf' returned '0': PYTHONPATH=/home/ubuntu/ros2_ws/build/brobot_tf/prefix_override:/usr/lib/python3/dist-packages/colcon_core/task/python/colcon_distutils_commands:/home/ubuntu/ros2_ws/install/brobot_tf/lib/python3.10/site-packages:${PYTHONPATH} /usr/bin/python3 -W ignore:setup.py install is deprecated -W ignore:easy_install command is deprecated setup.py egg_info --egg-base ../../build/brobot_tf build --build-base /home/ubuntu/ros2_ws/build/brobot_tf/build install --record /home/ubuntu/ros2_ws/build/brobot_tf/install.log --single-version-externally-managed install_data
[3.071s] Level 1:colcon.colcon_core.environment:checking '/home/ubuntu/ros2_ws/install/brobot_tf' for CMake config files
[3.072s] Level 1:colcon.colcon_core.environment:checking '/home/ubuntu/ros2_ws/install/brobot_tf/lib'
[3.072s] Level 1:colcon.colcon_core.environment:checking '/home/ubuntu/ros2_ws/install/brobot_tf/bin'
[3.072s] Level 1:colcon.colcon_core.environment:checking '/home/ubuntu/ros2_ws/install/brobot_tf/lib/pkgconfig/brobot_tf.pc'
[3.072s] Level 1:colcon.colcon_core.environment:checking '/home/ubuntu/ros2_ws/install/brobot_tf/lib/python3.10/site-packages'
[3.073s] Level 1:colcon.colcon_core.shell:create_environment_hook('brobot_tf', 'pythonpath')
[3.073s] INFO:colcon.colcon_core.shell:Creating environment hook '/home/ubuntu/ros2_ws/install/brobot_tf/share/brobot_tf/hook/pythonpath.ps1'
[3.074s] INFO:colcon.colcon_core.shell:Creating environment descriptor '/home/ubuntu/ros2_ws/install/brobot_tf/share/brobot_tf/hook/pythonpath.dsv'
[3.074s] INFO:colcon.colcon_core.shell:Creating environment hook '/home/ubuntu/ros2_ws/install/brobot_tf/share/brobot_tf/hook/pythonpath.sh'
[3.075s] Level 1:colcon.colcon_core.environment:checking '/home/ubuntu/ros2_ws/install/brobot_tf/bin'
[3.075s] Level 1:colcon.colcon_core.environment:create_environment_scripts_only(brobot_tf)
[3.076s] INFO:colcon.colcon_core.shell:Creating package script '/home/ubuntu/ros2_ws/install/brobot_tf/share/brobot_tf/package.ps1'
[3.078s] INFO:colcon.colcon_core.shell:Creating package descriptor '/home/ubuntu/ros2_ws/install/brobot_tf/share/brobot_tf/package.dsv'
[3.079s] INFO:colcon.colcon_core.shell:Creating package script '/home/ubuntu/ros2_ws/install/brobot_tf/share/brobot_tf/package.sh'
[3.081s] INFO:colcon.colcon_core.shell:Creating package script '/home/ubuntu/ros2_ws/install/brobot_tf/share/brobot_tf/package.bash'
[3.082s] INFO:colcon.colcon_core.shell:Creating package script '/home/ubuntu/ros2_ws/install/brobot_tf/share/brobot_tf/package.zsh'
[3.083s] Level 1:colcon.colcon_core.environment:create_file_with_runtime_dependencies(/home/ubuntu/ros2_ws/install/brobot_tf/share/colcon-core/packages/brobot_tf)
[3.086s] Level 1:colcon.colcon_core.environment:checking '/home/ubuntu/ros2_ws/install/brobot_slam' for CMake module files
[3.088s] Level 1:colcon.colcon_core.environment:checking '/home/ubuntu/ros2_ws/install/brobot_slam' for CMake config files
[3.089s] Level 1:colcon.colcon_core.environment:checking '/home/ubuntu/ros2_ws/install/brobot_slam/lib'
[3.089s] Level 1:colcon.colcon_core.environment:checking '/home/ubuntu/ros2_ws/install/brobot_slam/bin'
[3.087s] DEBUG:colcon.colcon_core.event_handler.log_command:Invoked command in '/home/ubuntu/ros2_ws/src/brobot_slam' returned '0': PYTHONPATH=/home/ubuntu/ros2_ws/build/brobot_slam/prefix_override:/usr/lib/python3/dist-packages/colcon_core/task/python/colcon_distutils_commands:/home/ubuntu/ros2_ws/install/brobot_slam/lib/python3.10/site-packages:${PYTHONPATH} /usr/bin/python3 -W ignore:setup.py install is deprecated -W ignore:easy_install command is deprecated setup.py egg_info --egg-base ../../build/brobot_slam build --build-base /home/ubuntu/ros2_ws/build/brobot_slam/build install --record /home/ubuntu/ros2_ws/build/brobot_slam/install.log --single-version-externally-managed install_data
[3.090s] Level 1:colcon.colcon_core.environment:checking '/home/ubuntu/ros2_ws/install/brobot_slam/lib/pkgconfig/brobot_slam.pc'
[3.090s] Level 1:colcon.colcon_core.environment:checking '/home/ubuntu/ros2_ws/install/brobot_slam/lib/python3.10/site-packages'
[3.090s] Level 1:colcon.colcon_core.shell:create_environment_hook('brobot_slam', 'pythonpath')
[3.091s] INFO:colcon.colcon_core.shell:Creating environment hook '/home/ubuntu/ros2_ws/install/brobot_slam/share/brobot_slam/hook/pythonpath.ps1'
[3.091s] INFO:colcon.colcon_core.shell:Creating environment descriptor '/home/ubuntu/ros2_ws/install/brobot_slam/share/brobot_slam/hook/pythonpath.dsv'
[3.092s] INFO:colcon.colcon_core.shell:Creating environment hook '/home/ubuntu/ros2_ws/install/brobot_slam/share/brobot_slam/hook/pythonpath.sh'
[3.094s] Level 1:colcon.colcon_core.environment:checking '/home/ubuntu/ros2_ws/install/brobot_slam/bin'
[3.095s] Level 1:colcon.colcon_core.environment:create_environment_scripts_only(brobot_slam)
[3.095s] INFO:colcon.colcon_core.shell:Creating package script '/home/ubuntu/ros2_ws/install/brobot_slam/share/brobot_slam/package.ps1'
[3.096s] INFO:colcon.colcon_core.shell:Creating package descriptor '/home/ubuntu/ros2_ws/install/brobot_slam/share/brobot_slam/package.dsv'
[3.097s] INFO:colcon.colcon_core.shell:Creating package script '/home/ubuntu/ros2_ws/install/brobot_slam/share/brobot_slam/package.sh'
[3.098s] INFO:colcon.colcon_core.shell:Creating package script '/home/ubuntu/ros2_ws/install/brobot_slam/share/brobot_slam/package.bash'
[3.099s] INFO:colcon.colcon_core.shell:Creating package script '/home/ubuntu/ros2_ws/install/brobot_slam/share/brobot_slam/package.zsh'
[3.099s] Level 1:colcon.colcon_core.environment:create_file_with_runtime_dependencies(/home/ubuntu/ros2_ws/install/brobot_slam/share/colcon-core/packages/brobot_slam)
[3.112s] Level 1:colcon.colcon_core.environment:checking '/home/ubuntu/ros2_ws/install/brobot_odom' for CMake module files
[3.113s] Level 1:colcon.colcon_core.environment:checking '/home/ubuntu/ros2_ws/install/brobot_odom' for CMake config files
[3.114s] Level 1:colcon.colcon_core.environment:checking '/home/ubuntu/ros2_ws/install/brobot_odom/lib'
[3.114s] Level 1:colcon.colcon_core.environment:checking '/home/ubuntu/ros2_ws/install/brobot_odom/bin'
[3.114s] Level 1:colcon.colcon_core.environment:checking '/home/ubuntu/ros2_ws/install/brobot_odom/lib/pkgconfig/brobot_odom.pc'
[3.114s] Level 1:colcon.colcon_core.environment:checking '/home/ubuntu/ros2_ws/install/brobot_odom/lib/python3.10/site-packages'
[3.114s] Level 1:colcon.colcon_core.shell:create_environment_hook('brobot_odom', 'pythonpath')
[3.115s] INFO:colcon.colcon_core.shell:Creating environment hook '/home/ubuntu/ros2_ws/install/brobot_odom/share/brobot_odom/hook/pythonpath.ps1'
[3.116s] INFO:colcon.colcon_core.shell:Creating environment descriptor '/home/ubuntu/ros2_ws/install/brobot_odom/share/brobot_odom/hook/pythonpath.dsv'
[3.117s] DEBUG:colcon.colcon_core.event_handler.log_command:Invoked command in '/home/ubuntu/ros2_ws/src/brobot_odom' returned '0': PYTHONPATH=/home/ubuntu/ros2_ws/build/brobot_odom/prefix_override:/usr/lib/python3/dist-packages/colcon_core/task/python/colcon_distutils_commands:/home/ubuntu/ros2_ws/install/brobot_odom/lib/python3.10/site-packages:${PYTHONPATH} /usr/bin/python3 -W ignore:setup.py install is deprecated -W ignore:easy_install command is deprecated setup.py egg_info --egg-base ../../build/brobot_odom build --build-base /home/ubuntu/ros2_ws/build/brobot_odom/build install --record /home/ubuntu/ros2_ws/build/brobot_odom/install.log --single-version-externally-managed install_data
[3.117s] INFO:colcon.colcon_core.shell:Creating environment hook '/home/ubuntu/ros2_ws/install/brobot_odom/share/brobot_odom/hook/pythonpath.sh'
[3.118s] Level 1:colcon.colcon_core.environment:checking '/home/ubuntu/ros2_ws/install/brobot_odom/bin'
[3.118s] Level 1:colcon.colcon_core.environment:create_environment_scripts_only(brobot_odom)
[3.118s] INFO:colcon.colcon_core.shell:Creating package script '/home/ubuntu/ros2_ws/install/brobot_odom/share/brobot_odom/package.ps1'
[3.119s] INFO:colcon.colcon_core.shell:Creating package descriptor '/home/ubuntu/ros2_ws/install/brobot_odom/share/brobot_odom/package.dsv'
[3.120s] INFO:colcon.colcon_core.shell:Creating package script '/home/ubuntu/ros2_ws/install/brobot_odom/share/brobot_odom/package.sh'
[3.120s] INFO:colcon.colcon_core.shell:Creating package script '/home/ubuntu/ros2_ws/install/brobot_odom/share/brobot_odom/package.bash'
[3.121s] INFO:colcon.colcon_core.shell:Creating package script '/home/ubuntu/ros2_ws/install/brobot_odom/share/brobot_odom/package.zsh'
[3.122s] Level 1:colcon.colcon_core.environment:create_file_with_runtime_dependencies(/home/ubuntu/ros2_ws/install/brobot_odom/share/colcon-core/packages/brobot_odom)
[3.122s] DEBUG:colcon.colcon_parallel_executor.executor.parallel:closing loop
[3.122s] DEBUG:colcon.colcon_parallel_executor.executor.parallel:loop closed
[3.122s] DEBUG:colcon.colcon_parallel_executor.executor.parallel:run_until_complete finished with '0'
[3.122s] DEBUG:colcon.colcon_core.event_reactor:joining thread
[3.134s] INFO:colcon.colcon_core.plugin_system:Skipping extension 'colcon_notification.desktop_notification.terminal_notifier': Not used on non-Darwin systems
[3.135s] INFO:colcon.colcon_core.plugin_system:Skipping extension 'colcon_notification.desktop_notification.win32': Not used on non-Windows systems
[3.135s] INFO:colcon.colcon_notification.desktop_notification:Sending desktop notification using 'notify2'
[3.172s] DEBUG:colcon.colcon_core.event_reactor:joined thread
[3.172s] INFO:colcon.colcon_core.shell:Creating prefix script '/home/ubuntu/ros2_ws/install/local_setup.ps1'
[3.174s] INFO:colcon.colcon_core.shell:Creating prefix util module '/home/ubuntu/ros2_ws/install/_local_setup_util_ps1.py'
[3.177s] INFO:colcon.colcon_core.shell:Creating prefix chain script '/home/ubuntu/ros2_ws/install/setup.ps1'
[3.180s] INFO:colcon.colcon_core.shell:Creating prefix script '/home/ubuntu/ros2_ws/install/local_setup.sh'
[3.181s] INFO:colcon.colcon_core.shell:Creating prefix util module '/home/ubuntu/ros2_ws/install/_local_setup_util_sh.py'
[3.182s] INFO:colcon.colcon_core.shell:Creating prefix chain script '/home/ubuntu/ros2_ws/install/setup.sh'
[3.184s] INFO:colcon.colcon_core.shell:Creating prefix script '/home/ubuntu/ros2_ws/install/local_setup.bash'
[3.185s] INFO:colcon.colcon_core.shell:Creating prefix chain script '/home/ubuntu/ros2_ws/install/setup.bash'
[3.187s] INFO:colcon.colcon_core.shell:Creating prefix script '/home/ubuntu/ros2_ws/install/local_setup.zsh'
[3.188s] INFO:colcon.colcon_core.shell:Creating prefix chain script '/home/ubuntu/ros2_ws/install/setup.zsh'
