[3.699s] Invoking command in '/home/ubuntu/ros2_ws/src/brobot_slam': PYTHONPATH=/home/ubuntu/ros2_ws/build/brobot_slam/prefix_override:/usr/lib/python3/dist-packages/colcon_core/task/python/colcon_distutils_commands:/home/ubuntu/ros2_ws/install/brobot_slam/lib/python3.10/site-packages:${PYTHONPATH} /usr/bin/python3 -W ignore:setup.py install is deprecated -W ignore:easy_install command is deprecated setup.py egg_info --egg-base ../../build/brobot_slam build --build-base /home/ubuntu/ros2_ws/build/brobot_slam/build install --record /home/ubuntu/ros2_ws/build/brobot_slam/install.log --single-version-externally-managed install_data
[4.417s] running egg_info
[4.421s] writing ../../build/brobot_slam/brobot_slam.egg-info/PKG-INFO
[4.421s] writing dependency_links to ../../build/brobot_slam/brobot_slam.egg-info/dependency_links.txt
[4.421s] writing entry points to ../../build/brobot_slam/brobot_slam.egg-info/entry_points.txt
[4.421s] writing requirements to ../../build/brobot_slam/brobot_slam.egg-info/requires.txt
[4.431s] writing top-level names to ../../build/brobot_slam/brobot_slam.egg-info/top_level.txt
[4.442s] reading manifest file '../../build/brobot_slam/brobot_slam.egg-info/SOURCES.txt'
[4.442s] writing manifest file '../../build/brobot_slam/brobot_slam.egg-info/SOURCES.txt'
[4.442s] running build
[4.442s] running build_py
[4.442s] running install
[4.443s] running install_lib
[4.449s] running install_data
[4.449s] running install_egg_info
[4.453s] removing '/home/ubuntu/ros2_ws/install/brobot_slam/lib/python3.10/site-packages/brobot_slam-0.0.1-py3.10.egg-info' (and everything under it)
[4.464s] Copying ../../build/brobot_slam/brobot_slam.egg-info to /home/ubuntu/ros2_ws/install/brobot_slam/lib/python3.10/site-packages/brobot_slam-0.0.1-py3.10.egg-info
[4.465s] running install_scripts
[4.515s] writing list of installed files to '/home/ubuntu/ros2_ws/build/brobot_slam/install.log'
[4.622s] Invoked command in '/home/ubuntu/ros2_ws/src/brobot_slam' returned '0': PYTHONPATH=/home/ubuntu/ros2_ws/build/brobot_slam/prefix_override:/usr/lib/python3/dist-packages/colcon_core/task/python/colcon_distutils_commands:/home/ubuntu/ros2_ws/install/brobot_slam/lib/python3.10/site-packages:${PYTHONPATH} /usr/bin/python3 -W ignore:setup.py install is deprecated -W ignore:easy_install command is deprecated setup.py egg_info --egg-base ../../build/brobot_slam build --build-base /home/ubuntu/ros2_ws/build/brobot_slam/build install --record /home/ubuntu/ros2_ws/build/brobot_slam/install.log --single-version-externally-managed install_data
