[1.452s] Invoking command in '/home/ubuntu/ros2_ws/src/brobot_odom': PYTHONPATH=/home/ubuntu/ros2_ws/build/brobot_odom/prefix_override:/usr/lib/python3/dist-packages/colcon_core/task/python/colcon_distutils_commands:/home/ubuntu/ros2_ws/install/brobot_odom/lib/python3.10/site-packages:${PYTHONPATH} /usr/bin/python3 -W ignore:setup.py install is deprecated -W ignore:easy_install command is deprecated setup.py egg_info --egg-base ../../build/brobot_odom build --build-base /home/ubuntu/ros2_ws/build/brobot_odom/build install --record /home/ubuntu/ros2_ws/build/brobot_odom/install.log --single-version-externally-managed install_data
[1.829s] running egg_info
[1.830s] writing ../../build/brobot_odom/brobot_odom.egg-info/PKG-INFO
[1.831s] writing dependency_links to ../../build/brobot_odom/brobot_odom.egg-info/dependency_links.txt
[1.832s] writing entry points to ../../build/brobot_odom/brobot_odom.egg-info/entry_points.txt
[1.832s] writing requirements to ../../build/brobot_odom/brobot_odom.egg-info/requires.txt
[1.832s] writing top-level names to ../../build/brobot_odom/brobot_odom.egg-info/top_level.txt
[1.835s] reading manifest file '../../build/brobot_odom/brobot_odom.egg-info/SOURCES.txt'
[1.836s] writing manifest file '../../build/brobot_odom/brobot_odom.egg-info/SOURCES.txt'
[1.843s] running build
[1.843s] running build_py
[1.843s] running install
[1.843s] running install_lib
[1.843s] running install_data
[1.843s] copying launch/ekf_launch.py -> /home/ubuntu/ros2_ws/install/brobot_odom/share/brobot_odom/launch
[1.844s] copying config/ekf.yaml -> /home/ubuntu/ros2_ws/install/brobot_odom/share/brobot_odom/config
[1.844s] running install_egg_info
[1.847s] removing '/home/ubuntu/ros2_ws/install/brobot_odom/lib/python3.10/site-packages/brobot_odom-0.0.1-py3.10.egg-info' (and everything under it)
[1.853s] Copying ../../build/brobot_odom/brobot_odom.egg-info to /home/ubuntu/ros2_ws/install/brobot_odom/lib/python3.10/site-packages/brobot_odom-0.0.1-py3.10.egg-info
[1.853s] running install_scripts
[1.881s] Installing odom_publisher script to /home/ubuntu/ros2_ws/install/brobot_odom/lib/brobot_odom
[1.881s] writing list of installed files to '/home/ubuntu/ros2_ws/build/brobot_odom/install.log'
[1.942s] Invoked command in '/home/ubuntu/ros2_ws/src/brobot_odom' returned '0': PYTHONPATH=/home/ubuntu/ros2_ws/build/brobot_odom/prefix_override:/usr/lib/python3/dist-packages/colcon_core/task/python/colcon_distutils_commands:/home/ubuntu/ros2_ws/install/brobot_odom/lib/python3.10/site-packages:${PYTHONPATH} /usr/bin/python3 -W ignore:setup.py install is deprecated -W ignore:easy_install command is deprecated setup.py egg_info --egg-base ../../build/brobot_odom build --build-base /home/ubuntu/ros2_ws/build/brobot_odom/build install --record /home/ubuntu/ros2_ws/build/brobot_odom/install.log --single-version-externally-managed install_data
