[3.375s] Invoking command in '/home/ubuntu/ros2_ws/src/brobot_display': PYTHONPATH=/home/ubuntu/ros2_ws/build/brobot_display/prefix_override:/usr/lib/python3/dist-packages/colcon_core/task/python/colcon_distutils_commands:/home/ubuntu/ros2_ws/install/brobot_display/lib/python3.10/site-packages:${PYTHONPATH} /usr/bin/python3 -W ignore:setup.py install is deprecated -W ignore:easy_install command is deprecated setup.py egg_info --egg-base ../../build/brobot_display build --build-base /home/ubuntu/ros2_ws/build/brobot_display/build install --record /home/ubuntu/ros2_ws/build/brobot_display/install.log --single-version-externally-managed install_data
[3.887s] running egg_info
[3.888s] writing ../../build/brobot_display/brobot_display.egg-info/PKG-INFO
[3.889s] writing dependency_links to ../../build/brobot_display/brobot_display.egg-info/dependency_links.txt
[3.891s] writing entry points to ../../build/brobot_display/brobot_display.egg-info/entry_points.txt
[3.891s] writing requirements to ../../build/brobot_display/brobot_display.egg-info/requires.txt
[3.891s] writing top-level names to ../../build/brobot_display/brobot_display.egg-info/top_level.txt
[3.891s] reading manifest file '../../build/brobot_display/brobot_display.egg-info/SOURCES.txt'
[3.892s] writing manifest file '../../build/brobot_display/brobot_display.egg-info/SOURCES.txt'
[3.892s] running build
[3.893s] running install
[3.893s] running install_data
[3.893s] copying launch/display.launch.py -> /home/ubuntu/ros2_ws/install/brobot_display/share/brobot_display/launch
[3.893s] copying meshes/base.stl -> /home/ubuntu/ros2_ws/install/brobot_display/share/brobot_display/meshes
[3.928s] running install_egg_info
[3.934s] removing '/home/ubuntu/ros2_ws/install/brobot_display/lib/python3.10/site-packages/brobot_display-0.0.0-py3.10.egg-info' (and everything under it)
[3.934s] Copying ../../build/brobot_display/brobot_display.egg-info to /home/ubuntu/ros2_ws/install/brobot_display/lib/python3.10/site-packages/brobot_display-0.0.0-py3.10.egg-info
[3.936s] running install_scripts
[3.975s] writing list of installed files to '/home/ubuntu/ros2_ws/build/brobot_display/install.log'
[4.050s] Invoked command in '/home/ubuntu/ros2_ws/src/brobot_display' returned '0': PYTHONPATH=/home/ubuntu/ros2_ws/build/brobot_display/prefix_override:/usr/lib/python3/dist-packages/colcon_core/task/python/colcon_distutils_commands:/home/ubuntu/ros2_ws/install/brobot_display/lib/python3.10/site-packages:${PYTHONPATH} /usr/bin/python3 -W ignore:setup.py install is deprecated -W ignore:easy_install command is deprecated setup.py egg_info --egg-base ../../build/brobot_display build --build-base /home/ubuntu/ros2_ws/build/brobot_display/build install --record /home/ubuntu/ros2_ws/build/brobot_display/install.log --single-version-externally-managed install_data
