[3.281s] Invoking command in '/home/ubuntu/ros2_ws/src/brobot_display': PYTHONPATH=/home/ubuntu/ros2_ws/build/brobot_display/prefix_override:/usr/lib/python3/dist-packages/colcon_core/task/python/colcon_distutils_commands:/home/ubuntu/ros2_ws/install/brobot_display/lib/python3.10/site-packages:${PYTHONPATH} /usr/bin/python3 -W ignore:setup.py install is deprecated -W ignore:easy_install command is deprecated setup.py egg_info --egg-base ../../build/brobot_display build --build-base /home/ubuntu/ros2_ws/build/brobot_display/build install --record /home/ubuntu/ros2_ws/build/brobot_display/install.log --single-version-externally-managed install_data
[3.734s] running egg_info
[3.738s] creating ../../build/brobot_display/brobot_display.egg-info
[3.739s] writing ../../build/brobot_display/brobot_display.egg-info/PKG-INFO
[3.741s] writing dependency_links to ../../build/brobot_display/brobot_display.egg-info/dependency_links.txt
[3.742s] writing entry points to ../../build/brobot_display/brobot_display.egg-info/entry_points.txt
[3.744s] writing requirements to ../../build/brobot_display/brobot_display.egg-info/requires.txt
[3.745s] writing top-level names to ../../build/brobot_display/brobot_display.egg-info/top_level.txt
[3.746s] writing manifest file '../../build/brobot_display/brobot_display.egg-info/SOURCES.txt'
[3.747s] reading manifest file '../../build/brobot_display/brobot_display.egg-info/SOURCES.txt'
[3.749s] writing manifest file '../../build/brobot_display/brobot_display.egg-info/SOURCES.txt'
[3.750s] running build
[3.752s] running install
[3.753s] running install_data
[3.754s] creating /home/ubuntu/ros2_ws/install/brobot_display/share/ament_index
[3.755s] creating /home/ubuntu/ros2_ws/install/brobot_display/share/ament_index/resource_index
[3.759s] creating /home/ubuntu/ros2_ws/install/brobot_display/share/ament_index/resource_index/packages
[3.760s] copying resource/brobot_display -> /home/ubuntu/ros2_ws/install/brobot_display/share/ament_index/resource_index/packages
[3.761s] copying package.xml -> /home/ubuntu/ros2_ws/install/brobot_display/share/brobot_display
[3.762s] creating /home/ubuntu/ros2_ws/install/brobot_display/share/brobot_display/launch
[3.763s] copying launch/display.launch.py -> /home/ubuntu/ros2_ws/install/brobot_display/share/brobot_display/launch
[3.764s] creating /home/ubuntu/ros2_ws/install/brobot_display/share/brobot_display/urdf
[3.765s] copying urdf/brobot.urdf.xacro -> /home/ubuntu/ros2_ws/install/brobot_display/share/brobot_display/urdf
[3.767s] creating /home/ubuntu/ros2_ws/install/brobot_display/share/brobot_display/rviz
[3.768s] error: can't copy 'rviz/display.rviz': doesn't exist or not a regular file
[3.803s] Invoked command in '/home/ubuntu/ros2_ws/src/brobot_display' returned '1': PYTHONPATH=/home/ubuntu/ros2_ws/build/brobot_display/prefix_override:/usr/lib/python3/dist-packages/colcon_core/task/python/colcon_distutils_commands:/home/ubuntu/ros2_ws/install/brobot_display/lib/python3.10/site-packages:${PYTHONPATH} /usr/bin/python3 -W ignore:setup.py install is deprecated -W ignore:easy_install command is deprecated setup.py egg_info --egg-base ../../build/brobot_display build --build-base /home/ubuntu/ros2_ws/build/brobot_display/build install --record /home/ubuntu/ros2_ws/build/brobot_display/install.log --single-version-externally-managed install_data
